

Microchip Technology PIC18 LITE Macro Assembler V1.34 build -361300703 
                                                                                               Tue Jul 13 14:40:28 2021

Microchip Technology Omniscient Code Generator (Lite mode) build 201502162209
     1                           	processor	18F2580
     2                           	fnconf	rparam,??,?,0
     3                           	opt	pw 120
     4                           	opt	lm
     5                           	psect	smallconst,global,reloc=2,class=SMALLCONST,delta=1
     6                           	psect	cinit,global,reloc=2,class=CODE,delta=1
     7                           	psect	bssCOMRAM,global,class=COMRAM,space=1,delta=1
     8                           	psect	cstackCOMRAM,global,class=COMRAM,space=1,delta=1
     9                           	psect	text0,global,reloc=2,class=CODE,delta=1
    10                           	psect	text1,global,reloc=2,class=CODE,delta=1
    11                           	psect	text2,global,reloc=2,class=CODE,delta=1
    12                           	psect	text3,global,reloc=2,class=CODE,delta=1
    13                           	psect	intsave_regs,global,class=BIGRAM,space=1,delta=1
    14                           	psect	rparam,global,class=COMRAM,space=1,delta=1
    15  0000                     
    16                           	psect	smallconst
    17  000600                     __psmallconst:
    18                           	opt stack 0
    19  000600  00                 	db	0
    20  000601                     _keyPadMatrix:
    21                           	opt stack 0
    22  000601  31                 	db	49
    23  000602  32                 	db	50
    24  000603  33                 	db	51
    25  000604  34                 	db	52
    26  000605  35                 	db	53
    27  000606  36                 	db	54
    28  000607  37                 	db	55
    29  000608  38                 	db	56
    30  000609  39                 	db	57
    31  00060A  2A                 	db	42
    32  00060B  30                 	db	48
    33  00060C  23                 	db	35
    34  00060D  FF                 	db	255
    35  00060E                     __end_of_keyPadMatrix:
    36                           	opt stack 0
    37  00060E                     _Seven_Segment_MAP:
    38                           	opt stack 0
    39  00060E  3F                 	db	63
    40  00060F  06                 	db	6
    41  000610  5B                 	db	91
    42  000611  4F                 	db	79
    43  000612  66                 	db	102
    44  000613  6D                 	db	109
    45  000614  7D                 	db	125
    46  000615  07                 	db	7
    47  000616  7F                 	db	127
    48  000617  6F                 	db	111
    49  000618                     __end_of_Seven_Segment_MAP:
    50                           	opt stack 0
    51  0000                     _INTCON2bits	set	4081
    52  0000                     _LATA	set	3977
    53  0000                     _LATC	set	3979
    54  0000                     _LATCbits	set	3979
    55  0000                     _PORTC	set	3970
    56  0000                     _PORTCbits	set	3970
    57  0000                     _TRISA	set	3986
    58  0000                     _TRISC	set	3988
    59                           
    60                           ; #config settings
    61  000618  00                 	db	0	; dummy byte at the end
    62  0000                     
    63                           	psect	cinit
    64  0007A0                     __pcinit:
    65                           	opt stack 0
    66  0007A0                     start_initialization:
    67                           	opt stack 0
    68  0007A0                     __initialization:
    69                           	opt stack 0
    70                           
    71                           ; Clear objects allocated to COMRAM (2 bytes)
    72  0007A0  6A09               	clrf	(__pbssCOMRAM+1)& (0+255),c
    73  0007A2  6A08               	clrf	__pbssCOMRAM& (0+255),c
    74  0007A4                     end_of_initialization:
    75                           	opt stack 0
    76  0007A4                     __end_of__initialization:
    77                           	opt stack 0
    78  0007A4  0E00               	movlw	low (__Lsmallconst shr (0+16))
    79  0007A6  6EF8               	movwf	tblptru,c
    80  0007A8  0E06               	movlw	high __Lsmallconst
    81  0007AA  6EF7               	movwf	tblptrh,c
    82  0007AC  0100               	movlb	0
    83  0007AE  EFB1  F003         	goto	_main	;jump to C main() function
    84                           tblptru	equ	0xFF8
    85                           tblptrh	equ	0xFF7
    86                           
    87                           	psect	bssCOMRAM
    88  000008                     __pbssCOMRAM:
    89                           	opt stack 0
    90  000008                     _key:
    91                           	opt stack 0
    92  000008                     	ds	1
    93  000009                     _old_key:
    94                           	opt stack 0
    95  000009                     	ds	1
    96                           tblptru	equ	0xFF8
    97                           tblptrh	equ	0xFF7
    98                           
    99                           	psect	cstackCOMRAM
   100  000001                     __pcstackCOMRAM:
   101                           	opt stack 0
   102  000001                     ??_display_7seg:
   103  000001                     ?_kbd_getc:
   104                           	opt stack 0
   105                           
   106                           ; 2 bytes @ 0x0
   107  000001                     	ds	2
   108  000003                     ??_kbd_getc:
   109                           
   110                           ; 0 bytes @ 0x2
   111  000003                     	ds	1
   112  000004                     kbd_getc@key:
   113                           	opt stack 0
   114                           
   115                           ; 1 bytes @ 0x3
   116  000004                     	ds	1
   117  000005                     kbd_getc@row:
   118                           	opt stack 0
   119  000005                     display_7seg@c:
   120                           	opt stack 0
   121                           
   122                           ; 1 bytes @ 0x4
   123  000005                     	ds	1
   124  000006                     main@keyboard:
   125                           	opt stack 0
   126                           
   127                           ; 1 bytes @ 0x5
   128  000006                     	ds	1
   129  000007                     main@keypress:
   130                           	opt stack 0
   131                           
   132                           ; 1 bytes @ 0x6
   133  000007                     	ds	1
   134                           tblptru	equ	0xFF8
   135                           tblptrh	equ	0xFF7
   136                           
   137 ;;
   138 ;;Main: autosize = 0, tempsize = 0, incstack = 0, save=0
   139 ;;
   140 ;; *************** function _main *****************
   141 ;; Defined at:
   142 ;;		line 38 in file "exp9hhh.c"
   143 ;; Parameters:    Size  Location     Type
   144 ;;		None
   145 ;; Auto vars:     Size  Location     Type
   146 ;;  keypress        1    6[COMRAM] unsigned char 
   147 ;;  keyboard        1    5[COMRAM] unsigned char 
   148 ;; Return value:  Size  Location     Type
   149 ;;		None               void
   150 ;; Registers used:
   151 ;;		wreg, status,2, status,0, tblptrl, tblptrh, tblptru, prodl, prodh, cstack
   152 ;; Tracked objects:
   153 ;;		On entry : 0/0
   154 ;;		On exit  : 0/0
   155 ;;		Unchanged: 0/0
   156 ;; Data sizes:     COMRAM   BANK0   BANK1   BANK2   BANK3   BANK4   BANK5
   157 ;;      Params:         0       0       0       0       0       0       0
   158 ;;      Locals:         2       0       0       0       0       0       0
   159 ;;      Temps:          0       0       0       0       0       0       0
   160 ;;      Totals:         2       0       0       0       0       0       0
   161 ;;Total ram usage:        2 bytes
   162 ;; Hardware stack levels required when called:    1
   163 ;; This function calls:
   164 ;;		_display_7seg
   165 ;;		_kbd_getc
   166 ;;		_kbd_init
   167 ;; This function is called by:
   168 ;;		Startup code after reset
   169 ;; This function uses a non-reentrant model
   170 ;;
   171                           
   172                           	psect	text0
   173  000762                     __ptext0:
   174                           	opt stack 0
   175  000762                     _main:
   176                           	opt stack 30
   177                           
   178                           ;exp9hhh.c: 39: char keypress,keyboard='0';
   179                           
   180                           ;incstack = 0
   181  000762  0E30               	movlw	48
   182  000764  6E06               	movwf	main@keyboard,c
   183                           
   184                           ;exp9hhh.c: 40: kbd_init();
   185  000766  ECC6  F003         	call	_kbd_init	;wreg free
   186  00076A  D000               	goto	l775
   187  00076C                     l775:
   188                           
   189                           ;exp9hhh.c: 42: keypress = kbd_getc();
   190  00076C  EC0D  F003         	call	_kbd_getc	;wreg free
   191  000770  5001               	movf	?_kbd_getc,w,c
   192  000772  6E07               	movwf	main@keypress,c
   193                           
   194                           ;exp9hhh.c: 43: if(keypress!=0xFF){
   195  000774  2807               	incf	main@keypress,w,c
   196  000776  B4D8               	btfsc	status,2,c
   197  000778  D003               	goto	l781
   198                           
   199                           ;exp9hhh.c: 44: keyboard=keypress;
   200  00077A  C007  F006         	movff	main@keypress,main@keyboard
   201  00077E  D000               	goto	l781
   202  000780                     l781:
   203                           
   204                           ;exp9hhh.c: 45: }
   205                           ;exp9hhh.c: 46: display_7seg(keyboard);
   206  000780  5006               	movf	main@keyboard,w,c
   207  000782  EC82  F003         	call	_display_7seg
   208  000786  D7F2               	goto	l775
   209  000788  EF00  F000         	goto	start
   210  00078C                     __end_of_main:
   211                           	opt stack 0
   212                           tblptru	equ	0xFF8
   213                           tblptrh	equ	0xFF7
   214                           status	equ	0xFD8
   215                           
   216 ;; *************** function _kbd_init *****************
   217 ;; Defined at:
   218 ;;		line 49 in file "exp9hhh.c"
   219 ;; Parameters:    Size  Location     Type
   220 ;;		None
   221 ;; Auto vars:     Size  Location     Type
   222 ;;		None
   223 ;; Return value:  Size  Location     Type
   224 ;;		None               void
   225 ;; Registers used:
   226 ;;		wreg, status,2
   227 ;; Tracked objects:
   228 ;;		On entry : 0/0
   229 ;;		On exit  : 0/0
   230 ;;		Unchanged: 0/0
   231 ;; Data sizes:     COMRAM   BANK0   BANK1   BANK2   BANK3   BANK4   BANK5
   232 ;;      Params:         0       0       0       0       0       0       0
   233 ;;      Locals:         0       0       0       0       0       0       0
   234 ;;      Temps:          0       0       0       0       0       0       0
   235 ;;      Totals:         0       0       0       0       0       0       0
   236 ;;Total ram usage:        0 bytes
   237 ;; Hardware stack levels used:    1
   238 ;; This function calls:
   239 ;;		Nothing
   240 ;; This function is called by:
   241 ;;		_main
   242 ;; This function uses a non-reentrant model
   243 ;;
   244                           
   245                           	psect	text1
   246  00078C                     __ptext1:
   247                           	opt stack 0
   248  00078C                     _kbd_init:
   249                           	opt stack 30
   250                           
   251                           ;exp9hhh.c: 50: PORTC = 0x00;
   252                           
   253                           ;incstack = 0
   254  00078C  0E00               	movlw	0
   255  00078E  6E82               	movwf	3970,c	;volatile
   256                           
   257                           ;exp9hhh.c: 51: LATC = 0x00;
   258  000790  0E00               	movlw	0
   259  000792  6E8B               	movwf	3979,c	;volatile
   260                           
   261                           ;exp9hhh.c: 52: TRISC = 0xF0;
   262  000794  0EF0               	movlw	240
   263  000796  6E94               	movwf	3988,c	;volatile
   264                           
   265                           ;exp9hhh.c: 53: INTCON2bits.NOT_RBPU = 1;
   266  000798  8EF1               	bsf	intcon2,7,c	;volatile
   267                           
   268                           ;exp9hhh.c: 54: TRISA = 0x00;
   269  00079A  0E00               	movlw	0
   270  00079C  6E92               	movwf	3986,c	;volatile
   271  00079E  0012               	return		;funcret
   272  0007A0                     __end_of_kbd_init:
   273                           	opt stack 0
   274                           tblptru	equ	0xFF8
   275                           tblptrh	equ	0xFF7
   276                           intcon2	equ	0xFF1
   277                           status	equ	0xFD8
   278                           
   279 ;; *************** function _kbd_getc *****************
   280 ;; Defined at:
   281 ;;		line 56 in file "exp9hhh.c"
   282 ;; Parameters:    Size  Location     Type
   283 ;;		None
   284 ;; Auto vars:     Size  Location     Type
   285 ;;  row             1    4[COMRAM] unsigned char 
   286 ;;  key             1    3[COMRAM] unsigned char 
   287 ;; Return value:  Size  Location     Type
   288 ;;                  2    0[COMRAM] int 
   289 ;; Registers used:
   290 ;;		wreg, status,2, status,0, tblptrl, tblptrh, tblptru, prodl, prodh
   291 ;; Tracked objects:
   292 ;;		On entry : 0/0
   293 ;;		On exit  : 0/0
   294 ;;		Unchanged: 0/0
   295 ;; Data sizes:     COMRAM   BANK0   BANK1   BANK2   BANK3   BANK4   BANK5
   296 ;;      Params:         2       0       0       0       0       0       0
   297 ;;      Locals:         2       0       0       0       0       0       0
   298 ;;      Temps:          1       0       0       0       0       0       0
   299 ;;      Totals:         5       0       0       0       0       0       0
   300 ;;Total ram usage:        5 bytes
   301 ;; Hardware stack levels used:    1
   302 ;; This function calls:
   303 ;;		Nothing
   304 ;; This function is called by:
   305 ;;		_main
   306 ;; This function uses a non-reentrant model
   307 ;;
   308                           
   309                           	psect	text2
   310  00061A                     __ptext2:
   311                           	opt stack 0
   312  00061A                     _kbd_getc:
   313                           	opt stack 30
   314                           
   315                           ;exp9hhh.c: 58: char key = 0, row;
   316                           
   317                           ;incstack = 0
   318  00061A  0E00               	movlw	0
   319  00061C  6E04               	movwf	kbd_getc@key,c
   320                           
   321                           ;exp9hhh.c: 59: for( row = 0b00000001; row < 0b00010000; row <<= 1 )
   322  00061E  0E01               	movlw	1
   323  000620  6E05               	movwf	kbd_getc@row,c
   324  000622  D04F               	goto	l755
   325  000624  D051               	goto	l46
   326  000626                     l731:
   327                           
   328                           ;exp9hhh.c: 60: {
   329                           ;exp9hhh.c: 61: {
   330                           ;exp9hhh.c: 62: LATCbits.LATC0 = (row & 0x0001)>>0;
   331  000626  C005  F003         	movff	kbd_getc@row,??_kbd_getc
   332  00062A  0E01               	movlw	1
   333  00062C  1603               	andwf	??_kbd_getc,f,c
   334  00062E  508B               	movf	3979,w,c	;volatile
   335  000630  1803               	xorwf	??_kbd_getc,w,c
   336  000632  0BFE               	andlw	-2
   337  000634  1803               	xorwf	??_kbd_getc,w,c
   338  000636  6E8B               	movwf	3979,c	;volatile
   339                           
   340                           ;exp9hhh.c: 63: LATCbits.LATC1 = (row & 0x0002)>>1;
   341  000638  C005  F003         	movff	kbd_getc@row,??_kbd_getc
   342  00063C  90D8               	bcf	status,0,c
   343  00063E  3203               	rrcf	??_kbd_getc,f,c
   344  000640  0E01               	movlw	1
   345  000642  1603               	andwf	??_kbd_getc,f,c
   346  000644  4603               	rlncf	??_kbd_getc,f,c
   347  000646  508B               	movf	3979,w,c	;volatile
   348  000648  1803               	xorwf	??_kbd_getc,w,c
   349  00064A  0BFD               	andlw	-3
   350  00064C  1803               	xorwf	??_kbd_getc,w,c
   351  00064E  6E8B               	movwf	3979,c	;volatile
   352                           
   353                           ;exp9hhh.c: 64: LATCbits.LATC2 = (row & 0x0004)>>2;
   354  000650  C005  F003         	movff	kbd_getc@row,??_kbd_getc
   355  000654  90D8               	bcf	status,0,c
   356  000656  3203               	rrcf	??_kbd_getc,f,c
   357  000658  90D8               	bcf	status,0,c
   358  00065A  3203               	rrcf	??_kbd_getc,f,c
   359  00065C  0E01               	movlw	1
   360  00065E  1603               	andwf	??_kbd_getc,f,c
   361  000660  4603               	rlncf	??_kbd_getc,f,c
   362  000662  4603               	rlncf	??_kbd_getc,f,c
   363  000664  508B               	movf	3979,w,c	;volatile
   364  000666  1803               	xorwf	??_kbd_getc,w,c
   365  000668  0BFB               	andlw	-5
   366  00066A  1803               	xorwf	??_kbd_getc,w,c
   367  00066C  6E8B               	movwf	3979,c	;volatile
   368                           
   369                           ;exp9hhh.c: 65: LATCbits.LATC3 = (row & 0x0008)>>3;
   370  00066E  C005  F003         	movff	kbd_getc@row,??_kbd_getc
   371  000672  90D8               	bcf	status,0,c
   372  000674  3203               	rrcf	??_kbd_getc,f,c
   373  000676  90D8               	bcf	status,0,c
   374  000678  3203               	rrcf	??_kbd_getc,f,c
   375  00067A  90D8               	bcf	status,0,c
   376  00067C  3203               	rrcf	??_kbd_getc,f,c
   377  00067E  0E01               	movlw	1
   378  000680  1603               	andwf	??_kbd_getc,f,c
   379  000682  4603               	rlncf	??_kbd_getc,f,c
   380  000684  4603               	rlncf	??_kbd_getc,f,c
   381  000686  4603               	rlncf	??_kbd_getc,f,c
   382  000688  508B               	movf	3979,w,c	;volatile
   383  00068A  1803               	xorwf	??_kbd_getc,w,c
   384  00068C  0BF7               	andlw	-9
   385  00068E  1803               	xorwf	??_kbd_getc,w,c
   386  000690  6E8B               	movwf	3979,c	;volatile
   387                           
   388                           ;exp9hhh.c: 66: _delay((unsigned long)((1)*(8000000/4000.0)));
   389  000692  0E03               	movlw	3
   390  000694  6E03               	movwf	??_kbd_getc& (0+255),c
   391  000696  0E98               	movlw	152
   392  000698                     u197:
   393  000698  2EE8               	decfsz	wreg,f,c
   394  00069A  D7FE               	goto	u197
   395  00069C  2E03               	decfsz	??_kbd_getc& (0+255),f,c
   396  00069E  D7FC               	goto	u197
   397                           
   398                           ;exp9hhh.c: 67: }
   399                           ;exp9hhh.c: 69: if( PORTCbits.RC7 )break; key++;
   400  0006A0  BE82               	btfsc	3970,7,c	;volatile
   401  0006A2  D012               	goto	l46
   402  0006A4  D001               	goto	l739
   403  0006A6  D010               	goto	l46
   404  0006A8                     l739:
   405  0006A8  2A04               	incf	kbd_getc@key,f,c
   406                           
   407                           ;exp9hhh.c: 70: if( PORTCbits.RC5 )break; key++;
   408  0006AA  BA82               	btfsc	3970,5,c	;volatile
   409  0006AC  D00D               	goto	l46
   410  0006AE  D001               	goto	l745
   411  0006B0  D00B               	goto	l46
   412  0006B2                     l745:
   413  0006B2  2A04               	incf	kbd_getc@key,f,c
   414                           
   415                           ;exp9hhh.c: 71: if( PORTCbits.RC6 )break; key++;
   416  0006B4  BC82               	btfsc	3970,6,c	;volatile
   417  0006B6  D008               	goto	l46
   418  0006B8  D001               	goto	l751
   419  0006BA  D006               	goto	l46
   420  0006BC                     l751:
   421  0006BC  2A04               	incf	kbd_getc@key,f,c
   422  0006BE  90D8               	bcf	status,0,c
   423  0006C0  3605               	rlcf	kbd_getc@row,f,c
   424  0006C2                     l755:
   425  0006C2  0E0F               	movlw	15
   426  0006C4  6405               	cpfsgt	kbd_getc@row,c
   427  0006C6  D7AF               	goto	l731
   428  0006C8                     l46:
   429                           
   430                           ;exp9hhh.c: 73: }
   431                           ;exp9hhh.c: 74: LATCbits.LATC0 = 0;
   432  0006C8  908B               	bcf	3979,0,c	;volatile
   433                           
   434                           ;exp9hhh.c: 75: LATCbits.LATC1 = 0;
   435  0006CA  928B               	bcf	3979,1,c	;volatile
   436                           
   437                           ;exp9hhh.c: 76: LATCbits.LATC2 = 0;
   438  0006CC  948B               	bcf	3979,2,c	;volatile
   439                           
   440                           ;exp9hhh.c: 77: LATCbits.LATC3 = 0;
   441  0006CE  968B               	bcf	3979,3,c	;volatile
   442                           
   443                           ;exp9hhh.c: 78: if (key!=old_key){
   444  0006D0  5009               	movf	_old_key,w,c
   445  0006D2  1804               	xorwf	kbd_getc@key,w,c
   446  0006D4  B4D8               	btfsc	status,2,c
   447  0006D6  D00C               	goto	l767
   448                           
   449                           ;exp9hhh.c: 79: old_key=key;
   450  0006D8  C004  F009         	movff	kbd_getc@key,_old_key
   451                           
   452                           ;exp9hhh.c: 80: return keyPadMatrix[ key ];
   453  0006DC  5004               	movf	kbd_getc@key,w,c
   454  0006DE  0D01               	mullw	1
   455  0006E0  0E01               	movlw	low _keyPadMatrix
   456  0006E2  24F3               	addwf	prodl,w,c
   457  0006E4  6EF6               	movwf	tblptrl,c
   458  0006E6  0E06               	movlw	high _keyPadMatrix
   459  0006E8  20F4               	addwfc	prodh,w,c
   460  0006EA  6EF7               	movwf	tblptrh,c
   461  0006EC                     	if	0	;There are less than 3 active tblptr bytes
   462  0006EC  D005               	goto	L1
   463                           
   464                           ;exp9hhh.c: 81: }
   465  0006EE  D009               	goto	l51
   466  0006F0                     l767:
   467                           
   468                           ;exp9hhh.c: 82: else
   469                           ;exp9hhh.c: 83: return keyPadMatrix[ 0x0C ];
   470  0006F0  0E0D               	movlw	low (_keyPadMatrix+12)
   471  0006F2  6EF6               	movwf	tblptrl,c
   472  0006F4  0E06               	movlw	high (_keyPadMatrix+12)
   473  0006F6  6EF7               	movwf	tblptrh,c
   474  0006F8                     	if	0	;tblptru may be non-zero
   475  0006F8                     	endif
   476  0006F8                     	if	0	;tblptru may be non-zero
   477  0006F8                     L1:
   478  0006F8                     	endif
   479  0006F8  0008               	tblrd		*
   480  0006FA  50F5               	movf	tablat,w,c
   481  0006FC  6E01               	movwf	?_kbd_getc,c
   482  0006FE  6A02               	clrf	?_kbd_getc+1,c
   483  000700  D000               	goto	l51
   484  000702                     l51:
   485  000702  0012               	return		;funcret
   486  000704                     __end_of_kbd_getc:
   487                           	opt stack 0
   488                           tblptru	equ	0xFF8
   489                           tblptrh	equ	0xFF7
   490                           tblptrl	equ	0xFF6
   491                           tablat	equ	0xFF5
   492                           prodh	equ	0xFF4
   493                           prodl	equ	0xFF3
   494                           intcon2	equ	0xFF1
   495                           wreg	equ	0xFE8
   496                           status	equ	0xFD8
   497                           
   498 ;; *************** function _display_7seg *****************
   499 ;; Defined at:
   500 ;;		line 85 in file "exp9hhh.c"
   501 ;; Parameters:    Size  Location     Type
   502 ;;  c               1    wreg     unsigned char 
   503 ;; Auto vars:     Size  Location     Type
   504 ;;  c               1    4[COMRAM] unsigned char 
   505 ;; Return value:  Size  Location     Type
   506 ;;		None               void
   507 ;; Registers used:
   508 ;;		wreg, status,2, status,0, tblptrl, tblptrh, tblptru
   509 ;; Tracked objects:
   510 ;;		On entry : 0/0
   511 ;;		On exit  : 0/0
   512 ;;		Unchanged: 0/0
   513 ;; Data sizes:     COMRAM   BANK0   BANK1   BANK2   BANK3   BANK4   BANK5
   514 ;;      Params:         0       0       0       0       0       0       0
   515 ;;      Locals:         1       0       0       0       0       0       0
   516 ;;      Temps:          4       0       0       0       0       0       0
   517 ;;      Totals:         5       0       0       0       0       0       0
   518 ;;Total ram usage:        5 bytes
   519 ;; Hardware stack levels used:    1
   520 ;; This function calls:
   521 ;;		Nothing
   522 ;; This function is called by:
   523 ;;		_main
   524 ;; This function uses a non-reentrant model
   525 ;;
   526                           
   527                           	psect	text3
   528  000704                     __ptext3:
   529                           	opt stack 0
   530  000704                     _display_7seg:
   531                           	opt stack 30
   532                           
   533                           ;incstack = 0
   534                           ;display_7seg@c stored from wreg
   535  000704  6E05               	movwf	display_7seg@c,c
   536                           
   537                           ;exp9hhh.c: 86: LATA = 0x00;
   538  000706  0E00               	movlw	0
   539  000708  6E89               	movwf	3977,c	;volatile
   540                           
   541                           ;exp9hhh.c: 87: if((c>'9')||(c<'0'))
   542  00070A  0E3A               	movlw	58
   543  00070C  6005               	cpfslt	display_7seg@c,c
   544  00070E  D004               	goto	l701
   545  000710  0E30               	movlw	48
   546  000712  6005               	cpfslt	display_7seg@c,c
   547  000714  D010               	goto	l711
   548  000716  D000               	goto	l701
   549  000718                     l701:
   550                           
   551                           ;exp9hhh.c: 88: if (c=='*') LATA=0x77;
   552  000718  0E2A               	movlw	42
   553  00071A  1805               	xorwf	display_7seg@c,w,c
   554  00071C  A4D8               	btfss	status,2,c
   555  00071E  D002               	goto	l705
   556  000720  0E77               	movlw	119
   557  000722  D007               	goto	L3
   558  000724                     l705:
   559                           
   560                           ;exp9hhh.c: 89: else if (c=='#') LATA=0x76;
   561  000724  0E23               	movlw	35
   562  000726  1805               	xorwf	display_7seg@c,w,c
   563  000728  A4D8               	btfss	status,2,c
   564  00072A  D002               	goto	l709
   565  00072C  0E76               	movlw	118
   566  00072E  D001               	goto	L3
   567  000730                     l709:
   568                           
   569                           ;exp9hhh.c: 90: else LATA = (0x00);
   570  000730  0E00               	movlw	0
   571  000732                     L3:
   572  000732  6E89               	movwf	3977,c	;volatile
   573  000734  D015               	goto	l63
   574  000736                     l711:
   575                           
   576                           ;exp9hhh.c: 91: else
   577                           ;exp9hhh.c: 92: LATA = (Seven_Segment_MAP[c-'0']);
   578  000736  0ED0               	movlw	208
   579  000738  6E01               	movwf	??_display_7seg& (0+255),c
   580  00073A  0EFF               	movlw	255
   581  00073C  6E02               	movwf	(??_display_7seg+1)& (0+255),c
   582  00073E  5005               	movf	display_7seg@c,w,c
   583  000740  6E03               	movwf	(??_display_7seg+2)& (0+255),c
   584  000742  6A04               	clrf	(??_display_7seg+3)& (0+255),c
   585  000744  5001               	movf	??_display_7seg,w,c
   586  000746  2603               	addwf	??_display_7seg+2,f,c
   587  000748  5002               	movf	??_display_7seg+1,w,c
   588  00074A  2204               	addwfc	??_display_7seg+3,f,c
   589  00074C  0E0E               	movlw	low _Seven_Segment_MAP
   590  00074E  2403               	addwf	??_display_7seg+2,w,c
   591  000750  6EF6               	movwf	tblptrl,c
   592  000752  0E06               	movlw	high _Seven_Segment_MAP
   593  000754  2004               	addwfc	??_display_7seg+3,w,c
   594  000756  6EF7               	movwf	tblptrh,c
   595  000758                     	if	0	;There are less than 3 active tblptr bytes
   596  000758                     	endif
   597  000758  0008               	tblrd		*
   598  00075A  CFF5 FF89          	movff	tablat,3977	;volatile
   599  00075E  D000               	goto	l63
   600  000760                     l63:
   601  000760  0012               	return		;funcret
   602  000762                     __end_of_display_7seg:
   603                           	opt stack 0
   604                           tblptru	equ	0xFF8
   605                           tblptrh	equ	0xFF7
   606                           tblptrl	equ	0xFF6
   607                           tablat	equ	0xFF5
   608                           prodh	equ	0xFF4
   609                           prodl	equ	0xFF3
   610                           intcon2	equ	0xFF1
   611                           wreg	equ	0xFE8
   612                           status	equ	0xFD8
   613                           tblptru	equ	0xFF8
   614                           tblptrh	equ	0xFF7
   615                           tblptrl	equ	0xFF6
   616                           tablat	equ	0xFF5
   617                           prodh	equ	0xFF4
   618                           prodl	equ	0xFF3
   619                           intcon2	equ	0xFF1
   620                           wreg	equ	0xFE8
   621                           status	equ	0xFD8
   622                           
   623                           	psect	rparam
   624  0000                     tblptru	equ	0xFF8
   625                           tblptrh	equ	0xFF7
   626                           tblptrl	equ	0xFF6
   627                           tablat	equ	0xFF5
   628                           prodh	equ	0xFF4
   629                           prodl	equ	0xFF3
   630                           intcon2	equ	0xFF1
   631                           wreg	equ	0xFE8
   632                           status	equ	0xFD8


Data Sizes:
    Strings     0
    Constant    23
    Data        0
    BSS         2
    Persistent  0
    Stack       0

Auto Spaces:
    Space          Size  Autos    Used
    COMRAM           95      7       9
    BANK0           160      0       0
    BANK1           256      0       0
    BANK2           256      0       0
    BANK3           256      0       0
    BANK4           256      0       0
    BANK5           256      0       0

Pointer List with Targets:

    None.

Critical Paths under _main in COMRAM

    _main->_display_7seg
    _main->_kbd_getc

Critical Paths under _main in BANK0

    None.

Critical Paths under _main in BANK1

    None.

Critical Paths under _main in BANK2

    None.

Critical Paths under _main in BANK3

    None.

Critical Paths under _main in BANK4

    None.

Critical Paths under _main in BANK5

    None.

Call Graph Tables:

 ---------------------------------------------------------------------------------
 (Depth) Function   	        Calls       Base Space   Used Autos Params    Refs
 ---------------------------------------------------------------------------------
 (0) _main                                                 2     2      0     348
                                              5 COMRAM     2     2      0
                       _display_7seg
                           _kbd_getc
                           _kbd_init
 ---------------------------------------------------------------------------------
 (1) _kbd_init                                             0     0      0       0
 ---------------------------------------------------------------------------------
 (1) _kbd_getc                                             5     3      2     204
                                              0 COMRAM     5     3      2
 ---------------------------------------------------------------------------------
 (1) _display_7seg                                         5     5      0      75
                                              0 COMRAM     5     5      0
 ---------------------------------------------------------------------------------
 Estimated maximum stack depth 1
 ---------------------------------------------------------------------------------

 Call Graph Graphs:

 _main (ROOT)
   _display_7seg
   _kbd_getc
   _kbd_init

 Address spaces:
Name               Size   Autos  Total    Cost      Usage
BIGRAM             5FF      0       0      16        0.0%
EEDATA             100      0       0       0        0.0%
BITBANK5           100      0       0      14        0.0%
BANK5              100      0       0      15        0.0%
BITBANK4           100      0       0      12        0.0%
BANK4              100      0       0      13        0.0%
BITBANK3           100      0       0      10        0.0%
BANK3              100      0       0      11        0.0%
BITBANK2           100      0       0       8        0.0%
BANK2              100      0       0       9        0.0%
BITBANK1           100      0       0       6        0.0%
BANK1              100      0       0       7        0.0%
BITBANK0            A0      0       0       4        0.0%
BANK0               A0      0       0       5        0.0%
BITCOMRAM           5F      0       0       0        0.0%
COMRAM              5F      7       9       1        9.5%
BITSFR_3             0      0       0      40        0.0%
SFR_3                0      0       0      40        0.0%
BITSFR_2             0      0       0      40        0.0%
SFR_2                0      0       0      40        0.0%
BITSFR_1             0      0       0      40        0.0%
SFR_1                0      0       0      40        0.0%
BITSFR               0      0       0      40        0.0%
SFR                  0      0       0      40        0.0%
STACK                0      0       0       2        0.0%
NULL                 0      0       0       0        0.0%
ABS                  0      0       9       3        0.0%
DATA                 0      0       9      17        0.0%
CODE                 0      0       0       0        0.0%


Microchip Technology PIC18 Macro Assembler V1.34 build -361300703 
Symbol Table                                                                                   Tue Jul 13 14:40:28 2021

                       l51 0702                         l46 06C8                         l63 0760  
              __CFG_BORV$3 000000              ?_display_7seg 0001               __CFG_CP0$OFF 000000  
             __CFG_CP1$OFF 000000               __CFG_CP2$OFF 000000               __CFG_CP3$OFF 000000  
              __CFG_LVP$ON 000000                        l701 0718                        l711 0736  
                      l705 0724                        l731 0626                        l709 0730  
                      l751 06BC                        l745 06B2                        l755 06C2  
                      l739 06A8                        l781 0780                        l767 06F0  
                      l775 076C               __CFG_CPB$OFF 000000               __CFG_CPD$OFF 000000  
                      u197 0698                        _key 0008                        wreg 000FE8  
             __CFG_WDT$OFF 000000                       _LATA 000F89                       _LATC 000F8B  
                     _main 0762                       prodh 000FF4                       prodl 000FF3  
                     start 0000              __CFG_IESO$OFF 000000               ___param_bank 000010  
           ??_display_7seg 0001                      ?_main 0001                      _PORTC 000F82  
                    _TRISA 000F92                      _TRISC 000F94               main@keyboard 0006  
            __CFG_PWRT$OFF 000000              __CFG_WRT0$OFF 000000              __CFG_WRT1$OFF 000000  
            __CFG_WRT2$OFF 000000              __CFG_WRT3$OFF 000000             __CFG_EBTR0$OFF 000000  
           __CFG_FCMEN$OFF 000000             __CFG_EBTR1$OFF 000000             __CFG_EBTR2$OFF 000000  
             main@keypress 0007             __CFG_EBTR3$OFF 000000              __CFG_WRTB$OFF 000000  
            __CFG_WRTC$OFF 000000              __CFG_WRTD$OFF 000000             __CFG_EBTRB$OFF 000000  
           __CFG_BOREN$OFF 000000                      tablat 000FF5                      status 000FD8  
           __CFG_PBADEN$ON 000000             __CFG_MCLRE$OFF 000000            __initialization 07A0  
             __end_of_main 078C                     ??_main 0006              __activetblptr 000001  
          __CFG_BBSIZ$1024 000000           __end_of_kbd_getc 0704             __CFG_XINST$OFF 000000  
         __end_of_kbd_init 07A0              display_7seg@c 0005             __CFG_STVREN$ON 000000  
             __mediumconst 0000                     tblptrh 000FF7                     tblptrl 000FF6  
                   tblptru 000FF8       __end_of_display_7seg 0762                 __accesstop 0060  
  __end_of__initialization 07A4              ___rparam_used 000001             __pcstackCOMRAM 0001  
     __end_of_keyPadMatrix 060E                  ?_kbd_getc 0001                  ?_kbd_init 0001  
                  __Hparam 0000                    __Lparam 0000               __psmallconst 0600  
                  __pcinit 07A0                    __ramtop 0600                    __ptext0 0762  
                  __ptext1 078C                    __ptext2 061A                    __ptext3 0704  
                  _old_key 0009      __size_of_display_7seg 005E                 ??_kbd_getc 0003  
               ??_kbd_init 0001       end_of_initialization 07A4               _display_7seg 0704  
                _PORTCbits 000F82               _keyPadMatrix 0601        start_initialization 07A0  
         __CFG_OSC$IRCIO67 000000           __CFG_LPT1OSC$OFF 000000                __pbssCOMRAM 0008  
        __size_of_kbd_getc 00EA          __size_of_kbd_init 0014                __smallconst 0600  
                 _LATCbits 000F8B           __CFG_WDTPS$32768 000000                _INTCON2bits 000FF1  
                 __Hrparam 0000                   __Lrparam 0000               __Lsmallconst 0600  
                 _kbd_getc 061A                   _kbd_init 078C              __size_of_main 002A  
        _Seven_Segment_MAP 060E                kbd_getc@key 0004                kbd_getc@row 0005  
__end_of_Seven_Segment_MAP 0618  
