

Microchip Technology PIC18 LITE Macro Assembler V1.34 build -361300703 
                                                                                               Sun Dec 19 13:01:15 2021

Microchip Technology Omniscient Code Generator (Lite mode) build 201502162209
     1                           	processor	18F2220
     2                           	fnconf	rparam,??,?,0
     3                           	opt	pw 120
     4                           	opt	lm
     5                           	psect	text0,global,reloc=2,class=CODE,delta=1
     6                           	psect	cinit,global,reloc=2,class=CODE,delta=1
     7                           	psect	cstackCOMRAM,global,class=COMRAM,space=1,delta=1
     8                           	psect	intsave_regs,global,class=BIGRAM,space=1,delta=1
     9                           	psect	rparam,global,class=COMRAM,space=1,delta=1
    10  0000                     _LATBbits	set	3978
    11  0000                     _OSCCON	set	4051
    12  0000                     _TRISBbits	set	3987
    13                           
    14 ;;
    15 ;;Main: autosize = 0, tempsize = 1, incstack = 0, save=0
    16 ;;
    17 ;; *************** function _main *****************
    18 ;; Defined at:
    19 ;;		line 12 in file "main.c"
    20 ;; Parameters:    Size  Location     Type
    21 ;;		None
    22 ;; Auto vars:     Size  Location     Type
    23 ;;  countDelay      2    3[COMRAM] int 
    24 ;;  countDelay      2    1[COMRAM] int 
    25 ;; Return value:  Size  Location     Type
    26 ;;		None               void
    27 ;; Registers used:
    28 ;;		wreg, status,2, status,0
    29 ;; Tracked objects:
    30 ;;		On entry : 0/0
    31 ;;		On exit  : 0/0
    32 ;;		Unchanged: 0/0
    33 ;; Data sizes:     COMRAM   BANK0   BANK1
    34 ;;      Params:         0       0       0
    35 ;;      Locals:         4       0       0
    36 ;;      Temps:          1       0       0
    37 ;;      Totals:         5       0       0
    38 ;;Total ram usage:        5 bytes
    39 ;; This function calls:
    40 ;;		Nothing
    41 ;; This function is called by:
    42 ;;		Startup code after reset
    43 ;; This function uses a non-reentrant model
    44 ;;
    45                           
    46                           	psect	text0
    47  000F84                     __ptext0:
    48                           	opt stack 0
    49  000F84                     _main:
    50                           	opt stack 31
    51                           
    52                           ;main.c: 13: TRISBbits.RB0 = 0;
    53                           
    54                           ;incstack = 0
    55  000F84  9093               	bcf	3987,0,c	;volatile
    56                           
    57                           ;main.c: 14: TRISBbits.RB1 = 0;
    58  000F86  9293               	bcf	3987,1,c	;volatile
    59                           
    60                           ;main.c: 15: OSCCON = 0x76;
    61  000F88  0E76               	movlw	118
    62  000F8A  6ED3               	movwf	4051,c	;volatile
    63  000F8C  D000               	goto	l604
    64  000F8E                     l604:
    65                           
    66                           ;main.c: 17: {
    67                           ;main.c: 18: LATBbits.LATB0= ~LATBbits.LATB0;
    68  000F8E  708A               	btg	3978,0,c	;volatile
    69                           
    70                           ;main.c: 19: for (int countDelay=0; countDelay <20; countDelay ++)_delay((unsigned long)
      +                          ((5)*(8000000/4000.0)));
    71  000F90  0E00               	movlw	0
    72  000F92  6E03               	movwf	main@countDelay+1,c
    73  000F94  0E00               	movlw	0
    74  000F96  6E02               	movwf	main@countDelay,c
    75  000F98  BE03               	btfsc	main@countDelay+1,7,c
    76  000F9A  D008               	goto	l610
    77  000F9C  5003               	movf	main@countDelay+1,w,c
    78  000F9E  E114               	bnz	l13
    79  000FA0  0E14               	movlw	20
    80  000FA2  5C02               	subwf	main@countDelay,w,c
    81  000FA4  B0D8               	btfsc	status,0,c
    82  000FA6  D010               	goto	l13
    83  000FA8  D001               	goto	l610
    84  000FAA  D00E               	goto	l13
    85  000FAC                     l610:
    86  000FAC  0E0D               	movlw	13
    87  000FAE  6E01               	movwf	??_main& (0+255),c
    88  000FB0  0EFC               	movlw	252
    89  000FB2                     u57:
    90  000FB2  2EE8               	decfsz	wreg,f,c
    91  000FB4  D7FE               	goto	u57
    92  000FB6  2E01               	decfsz	??_main& (0+255),f,c
    93  000FB8  D7FC               	goto	u57
    94  000FBA  4A02               	infsnz	main@countDelay,f,c
    95  000FBC  2A03               	incf	main@countDelay+1,f,c
    96  000FBE  BE03               	btfsc	main@countDelay+1,7,c
    97  000FC0  D7F5               	goto	l610
    98  000FC2  5003               	movf	main@countDelay+1,w,c
    99  000FC4  E101               	bnz	u20
   100  000FC6  D7EC               	goto	L1
   101  000FC8                     u20:
   102  000FC8                     l13:
   103                           
   104                           ;main.c: 20: LATBbits.LATB1= ~LATBbits.LATB1;
   105  000FC8  728A               	btg	3978,1,c	;volatile
   106                           
   107                           ;main.c: 21: for (int countDelay=0; countDelay <20; countDelay ++)_delay((unsigned long)
      +                          ((5)*(8000000/4000.0)));
   108  000FCA  0E00               	movlw	0
   109  000FCC  6E05               	movwf	main@countDelay_161+1,c
   110  000FCE  0E00               	movlw	0
   111  000FD0  6E04               	movwf	main@countDelay_161,c
   112  000FD2                     l616:
   113  000FD2  BE05               	btfsc	main@countDelay_161+1,7,c
   114  000FD4  D008               	goto	l620
   115  000FD6  5005               	movf	main@countDelay_161+1,w,c
   116  000FD8  E1DA               	bnz	l604
   117  000FDA  0E14               	movlw	20
   118  000FDC  5C04               	subwf	main@countDelay_161,w,c
   119  000FDE  B0D8               	btfsc	status,0,c
   120  000FE0  D7D6               	goto	l604
   121  000FE2  D001               	goto	l620
   122  000FE4  D7D4               	goto	l604
   123  000FE6                     l620:
   124  000FE6  0E0D               	movlw	13
   125  000FE8  6E01               	movwf	??_main& (0+255),c
   126  000FEA  0EFC               	movlw	252
   127  000FEC                     u67:
   128  000FEC  2EE8               	decfsz	wreg,f,c
   129  000FEE  D7FE               	goto	u67
   130  000FF0  2E01               	decfsz	??_main& (0+255),f,c
   131  000FF2  D7FC               	goto	u67
   132  000FF4  4A04               	infsnz	main@countDelay_161,f,c
   133  000FF6  2A05               	incf	main@countDelay_161+1,f,c
   134  000FF8  D7EC               	goto	l616
   135  000FFA  D7C9               	goto	l604
   136                           
   137                           ;main.c: 22: }
   138                           ;main.c: 23: return;
   139  000FFC  EF00  F000         	goto	start
   140  001000                     __end_of_main:
   141                           	opt stack 0
   142  0000                     wreg	equ	0xFE8
   143                           status	equ	0xFD8
   144                           
   145                           	psect	cinit
   146  000F7E                     __pcinit:
   147                           	opt stack 0
   148  000F7E                     start_initialization:
   149                           	opt stack 0
   150  000F7E                     __initialization:
   151                           	opt stack 0
   152  000F7E                     end_of_initialization:
   153                           	opt stack 0
   154  000F7E                     __end_of__initialization:
   155                           	opt stack 0
   156  000F7E  0100               	movlb	0
   157  000F80  EFC2  F007         	goto	_main	;jump to C main() function
   158                           wreg	equ	0xFE8
   159                           status	equ	0xFD8
   160                           
   161                           	psect	cstackCOMRAM
   162  000001                     __pcstackCOMRAM:
   163                           	opt stack 0
   164  000001                     ??_main:
   165                           
   166                           ; 0 bytes @ 0x0
   167  000001                     	ds	1
   168  000002                     main@countDelay:
   169                           	opt stack 0
   170                           
   171                           ; 2 bytes @ 0x1
   172  000002                     	ds	2
   173  000004                     main@countDelay_161:
   174                           	opt stack 0
   175                           
   176                           ; 2 bytes @ 0x3
   177  000004                     	ds	2
   178                           wreg	equ	0xFE8
   179                           status	equ	0xFD8
   180                           wreg	equ	0xFE8
   181                           status	equ	0xFD8
   182                           
   183                           	psect	rparam
   184  0000                     wreg	equ	0xFE8
   185                           status	equ	0xFD8


Data Sizes:
    Strings     0
    Constant    0
    Data        0
    BSS         0
    Persistent  0
    Stack       0

Auto Spaces:
    Space          Size  Autos    Used
    COMRAM          127      5       5
    BANK0           128      0       0
    BANK1           256      0       0

Pointer List with Targets:

    None.

Critical Paths under _main in COMRAM

    None.

Critical Paths under _main in BANK0

    None.

Critical Paths under _main in BANK1

    None.

Call Graph Tables:

 ---------------------------------------------------------------------------------
 (Depth) Function   	        Calls       Base Space   Used Autos Params    Refs
 ---------------------------------------------------------------------------------
 (0) _main                                                 5     5      0      60
                                              0 COMRAM     5     5      0
 ---------------------------------------------------------------------------------
 Estimated maximum stack depth 0
 ---------------------------------------------------------------------------------

 Call Graph Graphs:

 _main (ROOT)

 Address spaces:
Name               Size   Autos  Total    Cost      Usage
BITCOMRAM           7F      0       0       0        0.0%
EEDATA             100      0       0       0        0.0%
NULL                 0      0       0       0        0.0%
CODE                 0      0       0       0        0.0%
COMRAM              7F      5       5       1        3.9%
STACK                0      0       0       2        0.0%
BITBANK0            80      0       0       3        0.0%
BANK0               80      0       0       4        0.0%
BITBANK1           100      0       0       5        0.0%
BANK1              100      0       0       6        0.0%
ABS                  0      0       0       7        0.0%
BIGRAM             1FF      0       0       8        0.0%
DATA                 0      0       0       9        0.0%
BITSFR               0      0       0      40        0.0%
SFR                  0      0       0      40        0.0%


Microchip Technology PIC18 Macro Assembler V1.34 build -361300703 
Symbol Table                                                                                   Sun Dec 19 13:01:15 2021

                     l13 0FC8                       u20 0FC8                       u57 0FB2  
                     u67 0FEC             __CFG_CP0$OFF 000000             __CFG_CP1$OFF 000000  
            __CFG_OSC$RC 000000              __CFG_LVP$ON 000000                      l610 0FAC  
                    l620 0FE6                      l604 0F8E                      l616 0FD2  
           __CFG_CPB$OFF 000000             __CFG_CPD$OFF 000000             __CFG_BOR$OFF 000000  
           __CFG_BORV$20 000000                      wreg 000FE8             __CFG_WDT$OFF 000000  
           __CFG_STVR$ON 000000                     _main 0F84            __CFG_PBAD$ANA 000000  
                   start 0000            __CFG_FSCM$OFF 000000            __CFG_IESO$OFF 000000  
           ___param_bank 000010           __CFG_CCP2MX$ON 000000                    ?_main 0001  
          __CFG_PWRT$OFF 000000            __CFG_WRT0$OFF 000000            __CFG_WRT1$OFF 000000  
         __CFG_EBTR0$OFF 000000           __CFG_EBTR1$OFF 000000            __CFG_WRTB$OFF 000000  
          __CFG_WRTC$OFF 000000            __CFG_WRTD$OFF 000000           __CFG_EBTRB$OFF 000000  
                  status 000FD8           __CFG_MCLRE$OFF 000000          __initialization 0F7E  
           __end_of_main 1000                   ??_main 0001            __activetblptr 000000  
                 _OSCCON 000FD3               __accesstop 0080  __end_of__initialization 0F7E  
          ___rparam_used 000001           __pcstackCOMRAM 0001           main@countDelay 0002  
                __Hparam 0000                  __Lparam 0000                  __pcinit 0F7E  
                __ramtop 0200                  __ptext0 0F84     end_of_initialization 0F7E  
              _TRISBbits 000F93      start_initialization 0F7E       main@countDelay_161 0004  
               _LATBbits 000F8A         __CFG_WDTPS$32768 000000                 __Hrparam 0000  
               __Lrparam 0000            __size_of_main 007C  
