

Microchip Technology PIC18 LITE Macro Assembler V1.34 build -361300703 
                                                                                               Wed Apr 20 13:08:01 2022

Microchip Technology Omniscient Code Generator (Lite mode) build 201502162209
     1                           	processor	18F4520
     2                           	fnconf	rparam,??,?,0
     3                           	opt	pw 120
     4                           	opt	lm
     5                           	psect	intcode_body,global,reloc=2,class=CODE,delta=1
     6                           	psect	cinit,global,reloc=2,class=CODE,delta=1
     7                           	psect	bitbssCOMRAM,global,bit,class=COMRAM,space=1,delta=1
     8                           	psect	cstackCOMRAM,global,class=COMRAM,space=1,delta=1
     9                           	psect	text0,global,reloc=2,class=CODE,delta=1
    10                           	psect	intcode,global,reloc=2,class=CODE,delta=1
    11                           	psect	intsave_regs,global,class=BIGRAM,space=1,delta=1
    12                           	psect	rparam,global,class=COMRAM,space=1,delta=1
    13  0000                     _INTCON2bits	set	4081
    14  0000                     _INTCONbits	set	4082
    15  0000                     _LATBbits	set	3978
    16  0000                     _TRISB	set	3987
    17                           
    18                           	psect	intcode_body
    19  00001C                     __pintcode_body:
    20                           	opt stack 0
    21                           
    22                           ; #config settings
    23  00001C                     int_func:
    24                           	opt stack 30
    25  00001C  0006               	pop		; remove dummy address from shadow register refresh
    26  00001E  CFEA F005          	movff	fsr0h,??_CheckSwitchPressed+4
    27  000022  CFE1 F006          	movff	fsr1l,??_CheckSwitchPressed+5
    28  000026  CFE2 F007          	movff	fsr1h,??_CheckSwitchPressed+6
    29  00002A  CFD9 F008          	movff	fsr2l,??_CheckSwitchPressed+7
    30  00002E  CFDA F009          	movff	fsr2h,??_CheckSwitchPressed+8
    31  000032  CFF3 F00A          	movff	prodl,??_CheckSwitchPressed+9
    32  000036  CFF4 F00B          	movff	prodh,??_CheckSwitchPressed+10
    33  00003A  CFF6 F00C          	movff	tblptrl,??_CheckSwitchPressed+11
    34  00003E  CFF7 F00D          	movff	tblptrh,??_CheckSwitchPressed+12
    35  000042  CFF8 F00E          	movff	tblptru,??_CheckSwitchPressed+13
    36  000046  CFF5 F00F          	movff	tablat,??_CheckSwitchPressed+14
    37                           
    38                           ;Interrupt.c: 8: if(INTCONbits.INT0F == 1)
    39  00004A  A2F2               	btfss	intcon,1,c	;volatile
    40  00004C  D050               	goto	i2l22
    41                           
    42                           ;Interrupt.c: 9: {
    43                           ;Interrupt.c: 10: for (int flash_count = 0;flash_count <10; flash_count++) {
    44  00004E  0E00               	movlw	0
    45  000050  6E11               	movwf	CheckSwitchPressed@flash_count+1,c
    46  000052  0E00               	movlw	0
    47  000054  6E10               	movwf	CheckSwitchPressed@flash_count,c
    48  000056  BE11               	btfsc	CheckSwitchPressed@flash_count+1,7,c
    49  000058  D008               	goto	i2l16
    50  00005A  5011               	movf	CheckSwitchPressed@flash_count+1,w,c
    51  00005C  E146               	bnz	i2l17
    52  00005E  0E0A               	movlw	10
    53  000060  5C10               	subwf	CheckSwitchPressed@flash_count,w,c
    54  000062  B0D8               	btfsc	status,0,c
    55  000064  D042               	goto	i2l17
    56  000066  D001               	goto	i2l16
    57  000068  D040               	goto	i2l17
    58  00006A                     i2l16:
    59                           
    60                           ;Interrupt.c: 11: LATBbits.LATB5 = 1;
    61  00006A  8A8A               	bsf	3978,5,c	;volatile
    62                           
    63                           ;Interrupt.c: 12: for (int count=0; count<40; count++) _delay((unsigned long)((25)*(8000
      +                          000/4000.0)));
    64  00006C  0E00               	movlw	0
    65  00006E  6E13               	movwf	CheckSwitchPressed@count+1,c
    66  000070  0E00               	movlw	0
    67  000072  6E12               	movwf	CheckSwitchPressed@count,c
    68  000074  BE13               	btfsc	CheckSwitchPressed@count+1,7,c
    69  000076  D008               	goto	i2l635
    70  000078  5013               	movf	CheckSwitchPressed@count+1,w,c
    71  00007A  E115               	bnz	i2l19
    72  00007C  0E28               	movlw	40
    73  00007E  5C12               	subwf	CheckSwitchPressed@count,w,c
    74  000080  B0D8               	btfsc	status,0,c
    75  000082  D011               	goto	i2l19
    76  000084  D001               	goto	i2l635
    77  000086  D00F               	goto	i2l19
    78  000088                     i2l635:
    79  000088  0E41               	movlw	65
    80  00008A  6E01               	movwf	??_CheckSwitchPressed& (0+255),c
    81  00008C  0EEE               	movlw	238
    82  00008E                     i2u18_47:
    83  00008E  2EE8               	decfsz	wreg,f,c
    84  000090  D7FE               	goto	i2u18_47
    85  000092  2E01               	decfsz	??_CheckSwitchPressed& (0+255),f,c
    86  000094  D7FC               	goto	i2u18_47
    87  000096  D000               	nop2	
    88  000098  4A12               	infsnz	CheckSwitchPressed@count,f,c
    89  00009A  2A13               	incf	CheckSwitchPressed@count+1,f,c
    90  00009C  BE13               	btfsc	CheckSwitchPressed@count+1,7,c
    91  00009E  D7F4               	goto	i2l635
    92  0000A0  5013               	movf	CheckSwitchPressed@count+1,w,c
    93  0000A2  E101               	bnz	i2u4_40
    94  0000A4  D7EB               	goto	L1
    95  0000A6                     i2u4_40:
    96  0000A6                     i2l19:
    97                           
    98                           ;Interrupt.c: 13: LATBbits.LATB5 = 0;
    99  0000A6  9A8A               	bcf	3978,5,c	;volatile
   100                           
   101                           ;Interrupt.c: 14: for (int count=0; count<40; count++) _delay((unsigned long)((25)*(8000
      +                          000/4000.0)));
   102  0000A8  0E00               	movlw	0
   103  0000AA  6E15               	movwf	CheckSwitchPressed@count_246+1,c
   104  0000AC  0E00               	movlw	0
   105  0000AE  6E14               	movwf	CheckSwitchPressed@count_246,c
   106  0000B0                     i2l641:
   107  0000B0  BE15               	btfsc	CheckSwitchPressed@count_246+1,7,c
   108  0000B2  D008               	goto	i2l645
   109  0000B4  5015               	movf	CheckSwitchPressed@count_246+1,w,c
   110  0000B6  E112               	bnz	i2l649
   111  0000B8  0E28               	movlw	40
   112  0000BA  5C14               	subwf	CheckSwitchPressed@count_246,w,c
   113  0000BC  B0D8               	btfsc	status,0,c
   114  0000BE  D00E               	goto	i2l649
   115  0000C0  D001               	goto	i2l645
   116  0000C2  D00C               	goto	i2l649
   117  0000C4                     i2l645:
   118  0000C4  0E41               	movlw	65
   119  0000C6  6E01               	movwf	??_CheckSwitchPressed& (0+255),c
   120  0000C8  0EEE               	movlw	238
   121  0000CA                     i2u19_47:
   122  0000CA  2EE8               	decfsz	wreg,f,c
   123  0000CC  D7FE               	goto	i2u19_47
   124  0000CE  2E01               	decfsz	??_CheckSwitchPressed& (0+255),f,c
   125  0000D0  D7FC               	goto	i2u19_47
   126  0000D2  D000               	nop2	
   127  0000D4  4A14               	infsnz	CheckSwitchPressed@count_246,f,c
   128  0000D6  2A15               	incf	CheckSwitchPressed@count_246+1,f,c
   129  0000D8  D7EB               	goto	i2l641
   130  0000DA  D000               	goto	i2l649
   131  0000DC                     i2l649:
   132  0000DC  4A10               	infsnz	CheckSwitchPressed@flash_count,f,c
   133  0000DE  2A11               	incf	CheckSwitchPressed@flash_count+1,f,c
   134  0000E0  BE11               	btfsc	CheckSwitchPressed@flash_count+1,7,c
   135  0000E2  D7C3               	goto	i2l16
   136  0000E4  5011               	movf	CheckSwitchPressed@flash_count+1,w,c
   137  0000E6  E101               	bnz	i2u7_40
   138  0000E8  D7BA               	goto	L2
   139  0000EA                     i2u7_40:
   140  0000EA                     i2l17:
   141                           
   142                           ;Interrupt.c: 15: }
   143                           ;Interrupt.c: 16: INTCONbits.INT0F = 0;
   144  0000EA  92F2               	bcf	intcon,1,c	;volatile
   145  0000EC  D000               	goto	i2l22
   146  0000EE                     i2l22:
   147  0000EE  C00F  FFF5         	movff	??_CheckSwitchPressed+14,tablat
   148  0000F2  C00E  FFF8         	movff	??_CheckSwitchPressed+13,tblptru
   149  0000F6  C00D  FFF7         	movff	??_CheckSwitchPressed+12,tblptrh
   150  0000FA  C00C  FFF6         	movff	??_CheckSwitchPressed+11,tblptrl
   151  0000FE  C00B  FFF4         	movff	??_CheckSwitchPressed+10,prodh
   152  000102  C00A  FFF3         	movff	??_CheckSwitchPressed+9,prodl
   153  000106  C009  FFDA         	movff	??_CheckSwitchPressed+8,fsr2h
   154  00010A  C008  FFD9         	movff	??_CheckSwitchPressed+7,fsr2l
   155  00010E  C007  FFE2         	movff	??_CheckSwitchPressed+6,fsr1h
   156  000112  C006  FFE1         	movff	??_CheckSwitchPressed+5,fsr1l
   157  000116  C005  FFEA         	movff	??_CheckSwitchPressed+4,fsr0h
   158  00011A  C004  FFE9         	movff	??_CheckSwitchPressed+3,fsr0l
   159  00011E  C003  FFFB         	movff	??_CheckSwitchPressed+2,pclatu
   160  000122  C002  FFFA         	movff	??_CheckSwitchPressed+1,pclath
   161  000126  0011               	retfie		f
   162  000128                     __end_of_CheckSwitchPressed:
   163                           	opt stack 0
   164  0000                     pclatu	equ	0xFFB
   165                           pclath	equ	0xFFA
   166                           tblptru	equ	0xFF8
   167                           tblptrh	equ	0xFF7
   168                           tblptrl	equ	0xFF6
   169                           tablat	equ	0xFF5
   170                           prodh	equ	0xFF4
   171                           prodl	equ	0xFF3
   172                           intcon	equ	0xFF2
   173                           fsr0h	equ	0xFEA
   174                           fsr0l	equ	0xFE9
   175                           wreg	equ	0xFE8
   176                           fsr1h	equ	0xFE2
   177                           fsr1l	equ	0xFE1
   178                           fsr2h	equ	0xFDA
   179                           fsr2l	equ	0xFD9
   180                           status	equ	0xFD8
   181                           
   182                           	psect	cinit
   183  0001AA                     __pcinit:
   184                           	opt stack 0
   185  0001AA                     start_initialization:
   186                           	opt stack 0
   187  0001AA                     __initialization:
   188                           	opt stack 0
   189                           
   190                           ; Clear objects allocated to BITCOMRAM (1 bytes)
   191  0001AA  6A1B               	clrf	(__pbitbssCOMRAM/(0+8))& (0+255),c
   192  0001AC                     end_of_initialization:
   193                           	opt stack 0
   194  0001AC                     __end_of__initialization:
   195                           	opt stack 0
   196  0001AC  0100               	movlb	0
   197  0001AE  EF94  F000         	goto	_main	;jump to C main() function
   198                           pclatu	equ	0xFFB
   199                           pclath	equ	0xFFA
   200                           tblptru	equ	0xFF8
   201                           tblptrh	equ	0xFF7
   202                           tblptrl	equ	0xFF6
   203                           tablat	equ	0xFF5
   204                           prodh	equ	0xFF4
   205                           prodl	equ	0xFF3
   206                           intcon	equ	0xFF2
   207                           fsr0h	equ	0xFEA
   208                           fsr0l	equ	0xFE9
   209                           wreg	equ	0xFE8
   210                           fsr1h	equ	0xFE2
   211                           fsr1l	equ	0xFE1
   212                           fsr2h	equ	0xFDA
   213                           fsr2l	equ	0xFD9
   214                           status	equ	0xFD8
   215                           
   216                           	psect	bitbssCOMRAM
   217  0000D8                     __pbitbssCOMRAM:
   218                           	opt stack 0
   219  0000D8                     _flag:
   220                           	opt stack 0
   221  0000D8                     	ds	1
   222                           pclatu	equ	0xFFB
   223                           pclath	equ	0xFFA
   224                           tblptru	equ	0xFF8
   225                           tblptrh	equ	0xFF7
   226                           tblptrl	equ	0xFF6
   227                           tablat	equ	0xFF5
   228                           prodh	equ	0xFF4
   229                           prodl	equ	0xFF3
   230                           intcon	equ	0xFF2
   231                           fsr0h	equ	0xFEA
   232                           fsr0l	equ	0xFE9
   233                           wreg	equ	0xFE8
   234                           fsr1h	equ	0xFE2
   235                           fsr1l	equ	0xFE1
   236                           fsr2h	equ	0xFDA
   237                           fsr2l	equ	0xFD9
   238                           status	equ	0xFD8
   239                           
   240                           	psect	cstackCOMRAM
   241  000001                     __pcstackCOMRAM:
   242                           	opt stack 0
   243  000001                     ??_CheckSwitchPressed:
   244  000001                     
   245                           ; 0 bytes @ 0x0
   246  000001                     	ds	15
   247  000010                     CheckSwitchPressed@flash_count:
   248                           	opt stack 0
   249                           
   250                           ; 2 bytes @ 0xF
   251  000010                     	ds	2
   252  000012                     CheckSwitchPressed@count:
   253                           	opt stack 0
   254                           
   255                           ; 2 bytes @ 0x11
   256  000012                     	ds	2
   257  000014                     CheckSwitchPressed@count_246:
   258                           	opt stack 0
   259                           
   260                           ; 2 bytes @ 0x13
   261  000014                     	ds	2
   262  000016                     ??_main:
   263                           
   264                           ; 0 bytes @ 0x15
   265  000016                     	ds	1
   266  000017                     main@count:
   267                           	opt stack 0
   268                           
   269                           ; 2 bytes @ 0x16
   270  000017                     	ds	2
   271  000019                     main@count_268:
   272                           	opt stack 0
   273                           
   274                           ; 2 bytes @ 0x18
   275  000019                     	ds	2
   276                           pclatu	equ	0xFFB
   277                           pclath	equ	0xFFA
   278                           tblptru	equ	0xFF8
   279                           tblptrh	equ	0xFF7
   280                           tblptrl	equ	0xFF6
   281                           tablat	equ	0xFF5
   282                           prodh	equ	0xFF4
   283                           prodl	equ	0xFF3
   284                           intcon	equ	0xFF2
   285                           fsr0h	equ	0xFEA
   286                           fsr0l	equ	0xFE9
   287                           wreg	equ	0xFE8
   288                           fsr1h	equ	0xFE2
   289                           fsr1l	equ	0xFE1
   290                           fsr2h	equ	0xFDA
   291                           fsr2l	equ	0xFD9
   292                           status	equ	0xFD8
   293                           
   294 ;;
   295 ;;Main: autosize = 0, tempsize = 1, incstack = 0, save=0
   296 ;;
   297 ;; *************** function _main *****************
   298 ;; Defined at:
   299 ;;		line 26 in file "Interrupt.c"
   300 ;; Parameters:    Size  Location     Type
   301 ;;		None
   302 ;; Auto vars:     Size  Location     Type
   303 ;;  count           2   24[COMRAM] int 
   304 ;;  count           2   22[COMRAM] int 
   305 ;; Return value:  Size  Location     Type
   306 ;;		None               void
   307 ;; Registers used:
   308 ;;		wreg, status,2, status,0
   309 ;; Tracked objects:
   310 ;;		On entry : 0/0
   311 ;;		On exit  : 0/0
   312 ;;		Unchanged: 0/0
   313 ;; Data sizes:     COMRAM   BANK0   BANK1   BANK2   BANK3   BANK4   BANK5
   314 ;;      Params:         0       0       0       0       0       0       0
   315 ;;      Locals:         4       0       0       0       0       0       0
   316 ;;      Temps:          1       0       0       0       0       0       0
   317 ;;      Totals:         5       0       0       0       0       0       0
   318 ;;Total ram usage:        5 bytes
   319 ;; Hardware stack levels required when called:    1
   320 ;; This function calls:
   321 ;;		Nothing
   322 ;; This function is called by:
   323 ;;		Startup code after reset
   324 ;; This function uses a non-reentrant model
   325 ;;
   326                           
   327                           	psect	text0
   328  000128                     __ptext0:
   329                           	opt stack 0
   330  000128                     _main:
   331                           	opt stack 30
   332                           
   333                           ;Interrupt.c: 27: TRISB = 0x0F;
   334                           
   335                           ;incstack = 0
   336  000128  0E0F               	movlw	15
   337  00012A  6E93               	movwf	3987,c	;volatile
   338                           
   339                           ;Interrupt.c: 31: INTCONbits.INT0E = 1;
   340  00012C  88F2               	bsf	intcon,4,c	;volatile
   341                           
   342                           ;Interrupt.c: 32: INTCON2bits.INTEDG0 = 0;
   343  00012E  9CF1               	bcf	intcon2,6,c	;volatile
   344                           
   345                           ;Interrupt.c: 33: INTCONbits.INT0F = 0;
   346  000130  92F2               	bcf	intcon,1,c	;volatile
   347                           
   348                           ;Interrupt.c: 34: (INTCONbits.GIE = 1);
   349  000132  8EF2               	bsf	intcon,7,c	;volatile
   350                           
   351                           ;Interrupt.c: 36: flag = 0;
   352  000134  901B               	bcf	_flag/(0+8),_flag& (0+7),c
   353  000136  D000               	goto	l685
   354  000138                     l685:
   355                           
   356                           ;Interrupt.c: 38: {
   357                           ;Interrupt.c: 39: LATBbits.LATB4 = 1;
   358  000138  888A               	bsf	3978,4,c	;volatile
   359                           
   360                           ;Interrupt.c: 40: for (int count=0; count<20; count++) _delay((unsigned long)((50)*(8000
      +                          000/4000.0)));
   361  00013A  0E00               	movlw	0
   362  00013C  6E18               	movwf	main@count+1,c
   363  00013E  0E00               	movlw	0
   364  000140  6E17               	movwf	main@count,c
   365  000142  BE18               	btfsc	main@count+1,7,c
   366  000144  D008               	goto	l691
   367  000146  5018               	movf	main@count+1,w,c
   368  000148  E114               	bnz	l34
   369  00014A  0E14               	movlw	20
   370  00014C  5C17               	subwf	main@count,w,c
   371  00014E  B0D8               	btfsc	status,0,c
   372  000150  D010               	goto	l34
   373  000152  D001               	goto	l691
   374  000154  D00E               	goto	l34
   375  000156                     l691:
   376  000156  0E82               	movlw	130
   377  000158  6E16               	movwf	??_main& (0+255),c
   378  00015A  0EDE               	movlw	222
   379  00015C                     u167:
   380  00015C  2EE8               	decfsz	wreg,f,c
   381  00015E  D7FE               	goto	u167
   382  000160  2E16               	decfsz	??_main& (0+255),f,c
   383  000162  D7FC               	goto	u167
   384  000164  4A17               	infsnz	main@count,f,c
   385  000166  2A18               	incf	main@count+1,f,c
   386  000168  BE18               	btfsc	main@count+1,7,c
   387  00016A  D7F5               	goto	l691
   388  00016C  5018               	movf	main@count+1,w,c
   389  00016E  E101               	bnz	u130
   390  000170  D7EC               	goto	L3
   391  000172                     u130:
   392  000172                     l34:
   393                           
   394                           ;Interrupt.c: 41: LATBbits.LATB4 = 0;
   395  000172  988A               	bcf	3978,4,c	;volatile
   396                           
   397                           ;Interrupt.c: 42: for (int count=0; count<20; count++) _delay((unsigned long)((50)*(8000
      +                          000/4000.0)));
   398  000174  0E00               	movlw	0
   399  000176  6E1A               	movwf	main@count_268+1,c
   400  000178  0E00               	movlw	0
   401  00017A  6E19               	movwf	main@count_268,c
   402  00017C                     l697:
   403  00017C  BE1A               	btfsc	main@count_268+1,7,c
   404  00017E  D008               	goto	l701
   405  000180  501A               	movf	main@count_268+1,w,c
   406  000182  E1DA               	bnz	l685
   407  000184  0E14               	movlw	20
   408  000186  5C19               	subwf	main@count_268,w,c
   409  000188  B0D8               	btfsc	status,0,c
   410  00018A  D7D6               	goto	l685
   411  00018C  D001               	goto	l701
   412  00018E  D7D4               	goto	l685
   413  000190                     l701:
   414  000190  0E82               	movlw	130
   415  000192  6E16               	movwf	??_main& (0+255),c
   416  000194  0EDE               	movlw	222
   417  000196                     u177:
   418  000196  2EE8               	decfsz	wreg,f,c
   419  000198  D7FE               	goto	u177
   420  00019A  2E16               	decfsz	??_main& (0+255),f,c
   421  00019C  D7FC               	goto	u177
   422  00019E  4A19               	infsnz	main@count_268,f,c
   423  0001A0  2A1A               	incf	main@count_268+1,f,c
   424  0001A2  D7EC               	goto	l697
   425  0001A4  D7C9               	goto	l685
   426  0001A6  EF0C  F000         	goto	start
   427  0001AA                     __end_of_main:
   428                           	opt stack 0
   429                           pclatu	equ	0xFFB
   430                           pclath	equ	0xFFA
   431                           tblptru	equ	0xFF8
   432                           tblptrh	equ	0xFF7
   433                           tblptrl	equ	0xFF6
   434                           tablat	equ	0xFF5
   435                           prodh	equ	0xFF4
   436                           prodl	equ	0xFF3
   437                           intcon	equ	0xFF2
   438                           intcon2	equ	0xFF1
   439                           fsr0h	equ	0xFEA
   440                           fsr0l	equ	0xFE9
   441                           wreg	equ	0xFE8
   442                           fsr1h	equ	0xFE2
   443                           fsr1l	equ	0xFE1
   444                           fsr2h	equ	0xFDA
   445                           fsr2l	equ	0xFD9
   446                           status	equ	0xFD8
   447                           
   448 ;; *************** function _CheckSwitchPressed *****************
   449 ;; Defined at:
   450 ;;		line 6 in file "Interrupt.c"
   451 ;; Parameters:    Size  Location     Type
   452 ;;		None
   453 ;; Auto vars:     Size  Location     Type
   454 ;;  count           2   19[COMRAM] int 
   455 ;;  count           2   17[COMRAM] int 
   456 ;;  flash_count     2   15[COMRAM] int 
   457 ;; Return value:  Size  Location     Type
   458 ;;		None               void
   459 ;; Registers used:
   460 ;;		wreg, status,2, status,0
   461 ;; Tracked objects:
   462 ;;		On entry : 0/0
   463 ;;		On exit  : 0/0
   464 ;;		Unchanged: 0/0
   465 ;; Data sizes:     COMRAM   BANK0   BANK1   BANK2   BANK3   BANK4   BANK5
   466 ;;      Params:         0       0       0       0       0       0       0
   467 ;;      Locals:         6       0       0       0       0       0       0
   468 ;;      Temps:         15       0       0       0       0       0       0
   469 ;;      Totals:        21       0       0       0       0       0       0
   470 ;;Total ram usage:       21 bytes
   471 ;; Hardware stack levels used:    1
   472 ;; This function calls:
   473 ;;		Nothing
   474 ;; This function is called by:
   475 ;;		Interrupt level 2
   476 ;; This function uses a non-reentrant model
   477 ;;
   478                           
   479                           	psect	intcode
   480  000008                     __pintcode:
   481                           	opt stack 0
   482  000008                     _CheckSwitchPressed:
   483                           	opt stack 30
   484                           
   485                           ;incstack = 0
   486  000008  CFFA F002          	movff	pclath,??_CheckSwitchPressed+1
   487  00000C  CFFB F003          	movff	pclatu,??_CheckSwitchPressed+2
   488  000010  CFE9 F004          	movff	fsr0l,??_CheckSwitchPressed+3
   489  000014  ED0E  F000         	call	int_func,f	;refresh shadow registers
   490                           pclatu	equ	0xFFB
   491                           pclath	equ	0xFFA
   492                           tblptru	equ	0xFF8
   493                           tblptrh	equ	0xFF7
   494                           tblptrl	equ	0xFF6
   495                           tablat	equ	0xFF5
   496                           prodh	equ	0xFF4
   497                           prodl	equ	0xFF3
   498                           intcon	equ	0xFF2
   499                           intcon2	equ	0xFF1
   500                           fsr0h	equ	0xFEA
   501                           fsr0l	equ	0xFE9
   502                           wreg	equ	0xFE8
   503                           fsr1h	equ	0xFE2
   504                           fsr1l	equ	0xFE1
   505                           fsr2h	equ	0xFDA
   506                           fsr2l	equ	0xFD9
   507                           status	equ	0xFD8
   508                           pclatu	equ	0xFFB
   509                           pclath	equ	0xFFA
   510                           tblptru	equ	0xFF8
   511                           tblptrh	equ	0xFF7
   512                           tblptrl	equ	0xFF6
   513                           tablat	equ	0xFF5
   514                           prodh	equ	0xFF4
   515                           prodl	equ	0xFF3
   516                           intcon	equ	0xFF2
   517                           intcon2	equ	0xFF1
   518                           fsr0h	equ	0xFEA
   519                           fsr0l	equ	0xFE9
   520                           wreg	equ	0xFE8
   521                           fsr1h	equ	0xFE2
   522                           fsr1l	equ	0xFE1
   523                           fsr2h	equ	0xFDA
   524                           fsr2l	equ	0xFD9
   525                           status	equ	0xFD8
   526                           
   527                           	psect	rparam
   528  0000                     pclatu	equ	0xFFB
   529                           pclath	equ	0xFFA
   530                           tblptru	equ	0xFF8
   531                           tblptrh	equ	0xFF7
   532                           tblptrl	equ	0xFF6
   533                           tablat	equ	0xFF5
   534                           prodh	equ	0xFF4
   535                           prodl	equ	0xFF3
   536                           intcon	equ	0xFF2
   537                           intcon2	equ	0xFF1
   538                           fsr0h	equ	0xFEA
   539                           fsr0l	equ	0xFE9
   540                           wreg	equ	0xFE8
   541                           fsr1h	equ	0xFE2
   542                           fsr1l	equ	0xFE1
   543                           fsr2h	equ	0xFDA
   544                           fsr2l	equ	0xFD9
   545                           status	equ	0xFD8


Data Sizes:
    Strings     0
    Constant    0
    Data        0
    BSS         0
    Persistent  0
    Stack       0

Auto Spaces:
    Space          Size  Autos    Used
    COMRAM          127     26      27
    BANK0           128      0       0
    BANK1           256      0       0
    BANK2           256      0       0
    BANK3           256      0       0
    BANK4           256      0       0
    BANK5           256      0       0

Pointer List with Targets:

    None.

Critical Paths under _main in COMRAM

    None.

Critical Paths under _CheckSwitchPressed in COMRAM

    None.

Critical Paths under _main in BANK0

    None.

Critical Paths under _CheckSwitchPressed in BANK0

    None.

Critical Paths under _main in BANK1

    None.

Critical Paths under _CheckSwitchPressed in BANK1

    None.

Critical Paths under _main in BANK2

    None.

Critical Paths under _CheckSwitchPressed in BANK2

    None.

Critical Paths under _main in BANK3

    None.

Critical Paths under _CheckSwitchPressed in BANK3

    None.

Critical Paths under _main in BANK4

    None.

Critical Paths under _CheckSwitchPressed in BANK4

    None.

Critical Paths under _main in BANK5

    None.

Critical Paths under _CheckSwitchPressed in BANK5

    None.

Call Graph Tables:

 ---------------------------------------------------------------------------------
 (Depth) Function   	        Calls       Base Space   Used Autos Params    Refs
 ---------------------------------------------------------------------------------
 (0) _main                                                 5     5      0      60
                                             21 COMRAM     5     5      0
 ---------------------------------------------------------------------------------
 Estimated maximum stack depth 0
 ---------------------------------------------------------------------------------
 (Depth) Function   	        Calls       Base Space   Used Autos Params    Refs
 ---------------------------------------------------------------------------------
 (1) _CheckSwitchPressed                                  21    21      0      90
                                              0 COMRAM    21    21      0
 ---------------------------------------------------------------------------------
 Estimated maximum stack depth 1
 ---------------------------------------------------------------------------------

 Call Graph Graphs:

 _main (ROOT)

 _CheckSwitchPressed (ROOT)

 Address spaces:
Name               Size   Autos  Total    Cost      Usage
BIGRAM             5FF      0       0      17        0.0%
EEDATA             100      0       0       0        0.0%
BITBANK5           100      0       0      16        0.0%
BANK5              100      0       0      14        0.0%
BITBANK4           100      0       0      12        0.0%
BANK4              100      0       0      13        0.0%
BITBANK3           100      0       0      10        0.0%
BANK3              100      0       0      11        0.0%
BITBANK2           100      0       0       8        0.0%
BANK2              100      0       0       9        0.0%
BITBANK1           100      0       0       6        0.0%
BANK1              100      0       0       7        0.0%
BITBANK0            80      0       0       4        0.0%
BANK0               80      0       0       5        0.0%
BITCOMRAM           7F      0       1       0        0.8%
COMRAM              7F     1A      1B       1       21.3%
BITSFR               0      0       0      40        0.0%
SFR                  0      0       0      40        0.0%
STACK                0      0       0       2        0.0%
NULL                 0      0       0       0        0.0%
ABS                  0      0      1B      15        0.0%
DATA                 0      0      1B       3        0.0%
CODE                 0      0       0       0        0.0%


Microchip Technology PIC18 Macro Assembler V1.34 build -361300703 
Symbol Table                                                                                   Wed Apr 20 13:08:01 2022

                           l34 0172                    __CFG_BORV$3 000000                   __CFG_CP0$OFF 000000  
                 __CFG_CP1$OFF 000000                   __CFG_CP2$OFF 000000                   __CFG_CP3$OFF 000000  
                  __CFG_OSC$HS 000000                    __CFG_LVP$ON 000000                            l701 0190  
                          l691 0156                            l685 0138                            l697 017C  
                 __CFG_CPB$OFF 000000                            u130 0172                            u167 015C  
                          u177 0196                   __CFG_CPD$OFF 000000                            wreg 000FE8  
                 __CFG_WDT$OFF 000000                           i2l22 00EE                           i2l16 006A  
                         i2l17 00EA                           i2l19 00A6                           _flag 00D8  
                         _main 0128                           fsr0h 000FEA                           fsr1h 000FE2  
                         fsr0l 000FE9                           fsr2h 000FDA                           fsr1l 000FE1  
                         fsr2l 000FD9                           pclat 000FFA                           prodh 000FF4  
                         prodl 000FF3                           start 0018                  __CFG_IESO$OFF 000000  
                __CFG_MCLRE$ON 000000                   ___param_bank 000010                          ?_main 0001  
                        i2l641 00B0                          i2l635 0088                          i2l645 00C4  
                        i2l649 00DC                          _TRISB 000F93                  __CFG_PWRT$OFF 000000  
                __CFG_WRT0$OFF 000000                  __CFG_WRT1$OFF 000000                  __CFG_WRT2$OFF 000000  
                __CFG_WRT3$OFF 000000                 __CFG_EBTR0$OFF 000000                 __CFG_FCMEN$OFF 000000  
               __CFG_EBTR1$OFF 000000                 __CFG_EBTR2$OFF 000000                 __CFG_EBTR3$OFF 000000  
                __CFG_WRTB$OFF 000000                  __CFG_WRTC$OFF 000000                  __CFG_WRTD$OFF 000000  
               __CFG_EBTRB$OFF 000000                 __pbitbssCOMRAM 00D8                 __CFG_BOREN$OFF 000000  
                        tablat 000FF5                          status 000FD8                __initialization 01AA  
                 __end_of_main 01AA                         ??_main 0016                  __activetblptr 000000  
  __size_of_CheckSwitchPressed 0120                  main@count_268 0019                         i2u4_40 00A6  
                       i2u7_40 00EA                 __CFG_XINST$OFF 000000                 __CFG_STVREN$ON 000000  
                       tblptrh 000FF7                         tblptrl 000FF6                         tblptru 000FF8  
                   __accesstop 0080        __end_of__initialization 01AC                __CFG_PBADEN$OFF 000000  
                ___rparam_used 000001                 __pcstackCOMRAM 0001    CheckSwitchPressed@count_246 0014  
                      i2u18_47 008E                        i2u19_47 00CA                        __Hparam 0000  
                      __Lparam 0000                        __pcinit 01AA                        __ramtop 0600  
                      __ptext0 0128                 __pintcode_body 001C           end_of_initialization 01AC  
                      int_func 001C     __end_of_CheckSwitchPressed 0128        CheckSwitchPressed@count 0012  
          start_initialization 01AA               __CFG_LPT1OSC$OFF 000000              __CFG_CCP2MX$PORTC 000000  
                    __pintcode 0008  CheckSwitchPressed@flash_count 0010                       _LATBbits 000F8A  
             __CFG_WDTPS$32768 000000                      main@count 0017                    _INTCON2bits 000FF1  
           _CheckSwitchPressed 0008                       __Hrparam 0000            ?_CheckSwitchPressed 0001  
                     __Lrparam 0000           ??_CheckSwitchPressed 0001                  __size_of_main 0082  
                   _INTCONbits 000FF2                       intlevel2 0000  
