

Microchip Technology PIC18 LITE Macro Assembler V1.34 build -361300703 
                                                                                               Tue Mar 29 20:00:40 2022

Microchip Technology Omniscient Code Generator (Lite mode) build 201502162209
     1                           	processor	18F4620
     2                           	fnconf	rparam,??,?,0
     3                           	opt	pw 120
     4                           	opt	lm
     5                           	psect	text0,global,reloc=2,class=CODE,delta=1
     6                           	psect	cinit,global,reloc=2,class=CODE,delta=1
     7                           	psect	cstackCOMRAM,global,class=COMRAM,space=1,delta=1
     8                           	psect	intsave_regs,global,class=BIGRAM,space=1,delta=1
     9                           	psect	rparam,global,class=COMRAM,space=1,delta=1
    10  0000                     _LATBbits	set	3978
    11  0000                     _OSCCON	set	4051
    12  0000                     _TRISBbits	set	3987
    13                           
    14 ;;
    15 ;;Main: autosize = 0, tempsize = 1, incstack = 0, save=0
    16 ;;
    17 ;; *************** function _main *****************
    18 ;; Defined at:
    19 ;;		line 12 in file "newmain1.c"
    20 ;; Parameters:    Size  Location     Type
    21 ;;		None
    22 ;; Auto vars:     Size  Location     Type
    23 ;;  countDelay      2    3[COMRAM] int 
    24 ;;  countDelay      2    1[COMRAM] int 
    25 ;; Return value:  Size  Location     Type
    26 ;;		None               void
    27 ;; Registers used:
    28 ;;		wreg, status,2, status,0
    29 ;; Tracked objects:
    30 ;;		On entry : 0/0
    31 ;;		On exit  : 0/0
    32 ;;		Unchanged: 0/0
    33 ;; Data sizes:     COMRAM   BANK0   BANK1   BANK2   BANK3   BANK4   BANK5   BANK6   BANK7   BANK8   BANK9  BANK10  BANK1
      +1  BANK12  BANK13  BANK14  BANK15
    34 ;;      Params:         0       0       0       0       0       0       0       0       0       0       0       0       
      +0       0       0       0       0
    35 ;;      Locals:         4       0       0       0       0       0       0       0       0       0       0       0       
      +0       0       0       0       0
    36 ;;      Temps:          1       0       0       0       0       0       0       0       0       0       0       0       
      +0       0       0       0       0
    37 ;;      Totals:         5       0       0       0       0       0       0       0       0       0       0       0       
      +0       0       0       0       0
    38 ;;Total ram usage:        5 bytes
    39 ;; This function calls:
    40 ;;		Nothing
    41 ;; This function is called by:
    42 ;;		Startup code after reset
    43 ;; This function uses a non-reentrant model
    44 ;;
    45                           
    46                           	psect	text0
    47  00FF84                     __ptext0:
    48                           	opt stack 0
    49  00FF84                     _main:
    50                           	opt stack 31
    51                           
    52                           ;newmain1.c: 13: TRISBbits.RB3 = 0;
    53                           
    54                           ;incstack = 0
    55  00FF84  9693               	bcf	3987,3,c	;volatile
    56                           
    57                           ;newmain1.c: 14: TRISBbits.RB4 = 0;
    58  00FF86  9893               	bcf	3987,4,c	;volatile
    59                           
    60                           ;newmain1.c: 15: OSCCON = 0x76;
    61  00FF88  0E76               	movlw	118
    62  00FF8A  6ED3               	movwf	4051,c	;volatile
    63  00FF8C  D000               	goto	l604
    64  00FF8E                     l604:
    65                           
    66                           ;newmain1.c: 17: {
    67                           ;newmain1.c: 18: LATBbits.LATB3= ~LATBbits.LATB3;
    68  00FF8E  768A               	btg	3978,3,c	;volatile
    69                           
    70                           ;newmain1.c: 19: for (int countDelay=0; countDelay <200; countDelay ++)
    71  00FF90  0E00               	movlw	0
    72  00FF92  6E03               	movwf	main@countDelay+1,c
    73  00FF94  0E00               	movlw	0
    74  00FF96  6E02               	movwf	main@countDelay,c
    75  00FF98  BE03               	btfsc	main@countDelay+1,7,c
    76  00FF9A  D008               	goto	l610
    77  00FF9C  5003               	movf	main@countDelay+1,w,c
    78  00FF9E  E114               	bnz	l13
    79  00FFA0  0EC8               	movlw	200
    80  00FFA2  5C02               	subwf	main@countDelay,w,c
    81  00FFA4  B0D8               	btfsc	status,0,c
    82  00FFA6  D010               	goto	l13
    83  00FFA8  D001               	goto	l610
    84  00FFAA  D00E               	goto	l13
    85  00FFAC                     l610:
    86                           
    87                           ;newmain1.c: 20: _delay((unsigned long)((50)*(8000000/4000.0)));
    88  00FFAC  0E82               	movlw	130
    89  00FFAE  6E01               	movwf	??_main& (0+255),c
    90  00FFB0  0EDE               	movlw	222
    91  00FFB2                     u57:
    92  00FFB2  2EE8               	decfsz	wreg,f,c
    93  00FFB4  D7FE               	goto	u57
    94  00FFB6  2E01               	decfsz	??_main& (0+255),f,c
    95  00FFB8  D7FC               	goto	u57
    96  00FFBA  4A02               	infsnz	main@countDelay,f,c
    97  00FFBC  2A03               	incf	main@countDelay+1,f,c
    98  00FFBE  BE03               	btfsc	main@countDelay+1,7,c
    99  00FFC0  D7F5               	goto	l610
   100  00FFC2  5003               	movf	main@countDelay+1,w,c
   101  00FFC4  E101               	bnz	u20
   102  00FFC6  D7EC               	goto	L1
   103  00FFC8                     u20:
   104  00FFC8                     l13:
   105                           
   106                           ;newmain1.c: 21: LATBbits.LATB4= ~LATBbits.LATB4;
   107  00FFC8  788A               	btg	3978,4,c	;volatile
   108                           
   109                           ;newmain1.c: 22: for (int countDelay=0; countDelay <200; countDelay ++)
   110  00FFCA  0E00               	movlw	0
   111  00FFCC  6E05               	movwf	main@countDelay_161+1,c
   112  00FFCE  0E00               	movlw	0
   113  00FFD0  6E04               	movwf	main@countDelay_161,c
   114  00FFD2                     l616:
   115  00FFD2  BE05               	btfsc	main@countDelay_161+1,7,c
   116  00FFD4  D008               	goto	l620
   117  00FFD6  5005               	movf	main@countDelay_161+1,w,c
   118  00FFD8  E1DA               	bnz	l604
   119  00FFDA  0EC8               	movlw	200
   120  00FFDC  5C04               	subwf	main@countDelay_161,w,c
   121  00FFDE  B0D8               	btfsc	status,0,c
   122  00FFE0  D7D6               	goto	l604
   123  00FFE2  D001               	goto	l620
   124  00FFE4  D7D4               	goto	l604
   125  00FFE6                     l620:
   126                           
   127                           ;newmain1.c: 23: _delay((unsigned long)((50)*(8000000/4000.0)));
   128  00FFE6  0E82               	movlw	130
   129  00FFE8  6E01               	movwf	??_main& (0+255),c
   130  00FFEA  0EDE               	movlw	222
   131  00FFEC                     u67:
   132  00FFEC  2EE8               	decfsz	wreg,f,c
   133  00FFEE  D7FE               	goto	u67
   134  00FFF0  2E01               	decfsz	??_main& (0+255),f,c
   135  00FFF2  D7FC               	goto	u67
   136  00FFF4  4A04               	infsnz	main@countDelay_161,f,c
   137  00FFF6  2A05               	incf	main@countDelay_161+1,f,c
   138  00FFF8  D7EC               	goto	l616
   139  00FFFA  D7C9               	goto	l604
   140                           
   141                           ;newmain1.c: 24: }
   142                           ;newmain1.c: 25: return;
   143  00FFFC  EF00  F000         	goto	start
   144  010000                     __end_of_main:
   145                           	opt stack 0
   146  0000                     wreg	equ	0xFE8
   147                           status	equ	0xFD8
   148                           
   149                           	psect	cinit
   150  00FF7E                     __pcinit:
   151                           	opt stack 0
   152  00FF7E                     start_initialization:
   153                           	opt stack 0
   154  00FF7E                     __initialization:
   155                           	opt stack 0
   156  00FF7E                     end_of_initialization:
   157                           	opt stack 0
   158  00FF7E                     __end_of__initialization:
   159                           	opt stack 0
   160  00FF7E  0100               	movlb	0
   161  00FF80  EFC2  F07F         	goto	_main	;jump to C main() function
   162                           wreg	equ	0xFE8
   163                           status	equ	0xFD8
   164                           
   165                           	psect	cstackCOMRAM
   166  000001                     __pcstackCOMRAM:
   167                           	opt stack 0
   168  000001                     ??_main:
   169                           
   170                           ; 0 bytes @ 0x0
   171  000001                     	ds	1
   172  000002                     main@countDelay:
   173                           	opt stack 0
   174                           
   175                           ; 2 bytes @ 0x1
   176  000002                     	ds	2
   177  000004                     main@countDelay_161:
   178                           	opt stack 0
   179                           
   180                           ; 2 bytes @ 0x3
   181  000004                     	ds	2
   182                           wreg	equ	0xFE8
   183                           status	equ	0xFD8
   184                           wreg	equ	0xFE8
   185                           status	equ	0xFD8
   186                           
   187                           	psect	rparam
   188  0000                     wreg	equ	0xFE8
   189                           status	equ	0xFD8


Data Sizes:
    Strings     0
    Constant    0
    Data        0
    BSS         0
    Persistent  0
    Stack       0

Auto Spaces:
    Space          Size  Autos    Used
    COMRAM          127      5       5
    BANK0           128      0       0
    BANK1           256      0       0
    BANK2           256      0       0
    BANK3           256      0       0
    BANK4           256      0       0
    BANK5           256      0       0
    BANK6           256      0       0
    BANK7           256      0       0
    BANK8           256      0       0
    BANK9           256      0       0
    BANK10          256      0       0
    BANK11          256      0       0
    BANK12          256      0       0
    BANK13          256      0       0
    BANK14          256      0       0
    BANK15          128      0       0

Pointer List with Targets:

    None.

Critical Paths under _main in COMRAM

    None.

Critical Paths under _main in BANK0

    None.

Critical Paths under _main in BANK1

    None.

Critical Paths under _main in BANK2

    None.

Critical Paths under _main in BANK3

    None.

Critical Paths under _main in BANK4

    None.

Critical Paths under _main in BANK5

    None.

Critical Paths under _main in BANK6

    None.

Critical Paths under _main in BANK7

    None.

Critical Paths under _main in BANK8

    None.

Critical Paths under _main in BANK9

    None.

Critical Paths under _main in BANK10

    None.

Critical Paths under _main in BANK11

    None.

Critical Paths under _main in BANK12

    None.

Critical Paths under _main in BANK13

    None.

Critical Paths under _main in BANK14

    None.

Critical Paths under _main in BANK15

    None.

Call Graph Tables:

 ---------------------------------------------------------------------------------
 (Depth) Function   	        Calls       Base Space   Used Autos Params    Refs
 ---------------------------------------------------------------------------------
 (0) _main                                                 5     5      0      60
                                              0 COMRAM     5     5      0
 ---------------------------------------------------------------------------------
 Estimated maximum stack depth 0
 ---------------------------------------------------------------------------------

 Call Graph Graphs:

 _main (ROOT)

 Address spaces:
Name               Size   Autos  Total    Cost      Usage
BITCOMRAM           7F      0       0       0        0.0%
EEDATA             400      0       0       0        0.0%
NULL                 0      0       0       0        0.0%
CODE                 0      0       0       0        0.0%
COMRAM              7F      5       5       1        3.9%
STACK                0      0       0       2        0.0%
DATA                 0      0       0       3        0.0%
BITBANK0            80      0       0       4        0.0%
BANK0               80      0       0       5        0.0%
BITBANK1           100      0       0       6        0.0%
BANK1              100      0       0       7        0.0%
BITBANK2           100      0       0       8        0.0%
BANK2              100      0       0       9        0.0%
BITBANK3           100      0       0      10        0.0%
BANK3              100      0       0      11        0.0%
BITBANK4           100      0       0      12        0.0%
BANK4              100      0       0      13        0.0%
BITBANK5           100      0       0      14        0.0%
BANK5              100      0       0      15        0.0%
BITBANK6           100      0       0      16        0.0%
BANK6              100      0       0      17        0.0%
BITBANK7           100      0       0      18        0.0%
BANK7              100      0       0      19        0.0%
BITBANK8           100      0       0      20        0.0%
BANK8              100      0       0      21        0.0%
BITBANK9           100      0       0      22        0.0%
BANK9              100      0       0      23        0.0%
BITBANK10          100      0       0      24        0.0%
BANK10             100      0       0      25        0.0%
BITBANK11          100      0       0      26        0.0%
BANK11             100      0       0      27        0.0%
BITBANK12          100      0       0      28        0.0%
BANK12             100      0       0      29        0.0%
BITBANK13          100      0       0      30        0.0%
BANK13             100      0       0      31        0.0%
BITBANK14          100      0       0      32        0.0%
BANK14             100      0       0      33        0.0%
ABS                  0      0       0      34        0.0%
BITBANK15           80      0       0      35        0.0%
BANK15              80      0       0      36        0.0%
BIGRAM             F7F      0       0      37        0.0%
BITSFR               0      0       0      40        0.0%
SFR                  0      0       0      40        0.0%


Microchip Technology PIC18 Macro Assembler V1.34 build -361300703 
Symbol Table                                                                                   Tue Mar 29 20:00:40 2022

                     l13 FFC8                       u20 FFC8                       u57 FFB2  
                     u67 FFEC              __CFG_BORV$3 000000             __CFG_CP0$OFF 000000  
           __CFG_CP1$OFF 000000             __CFG_CP2$OFF 000000             __CFG_CP3$OFF 000000  
            __CFG_LVP$ON 000000                      l610 FFAC                      l620 FFE6  
                    l604 FF8E                      l616 FFD2             __CFG_CPB$OFF 000000  
           __CFG_CPD$OFF 000000                      wreg 000FE8             __CFG_WDT$OFF 000000  
                   _main FF84                     start 0000            __CFG_IESO$OFF 000000  
           ___param_bank 000010                    ?_main 0001            __CFG_PWRT$OFF 000000  
          __CFG_WRT0$OFF 000000            __CFG_WRT1$OFF 000000            __CFG_WRT2$OFF 000000  
          __CFG_WRT3$OFF 000000           __CFG_EBTR0$OFF 000000           __CFG_FCMEN$OFF 000000  
         __CFG_EBTR1$OFF 000000           __CFG_EBTR2$OFF 000000           __CFG_EBTR3$OFF 000000  
          __CFG_WRTB$OFF 000000            __CFG_WRTC$OFF 000000            __CFG_WRTD$OFF 000000  
         __CFG_EBTRB$OFF 000000                    status 000FD8           __CFG_PBADEN$ON 000000  
         __CFG_MCLRE$OFF 000000          __initialization FF7E             __end_of_main 0000  
                 ??_main 0001            __activetblptr 000000                   _OSCCON 000FD3  
         __CFG_XINST$OFF 000000           __CFG_STVREN$ON 000000               __accesstop 0080  
__end_of__initialization FF7E            ___rparam_used 000001           __pcstackCOMRAM 0001  
        __CFG_OSC$INTIO7 000000           main@countDelay 0002                  __Hparam 0000  
                __Lparam 0000                  __pcinit FF7E                  __ramtop 1000  
                __ptext0 FF84     end_of_initialization FF7E                _TRISBbits 000F93  
    start_initialization FF7E         __CFG_LPT1OSC$OFF 000000       main@countDelay_161 0004  
      __CFG_CCP2MX$PORTC 000000                 _LATBbits 000F8A         __CFG_WDTPS$32768 000000  
               __Hrparam 0000                 __Lrparam 0000       __CFG_BOREN$SBORDIS 000000  
          __size_of_main 007C  
