

Microchip Technology PIC18 LITE Macro Assembler V1.34 build -361300703 
                                                                                               Wed Apr 27 07:33:06 2022

Microchip Technology Omniscient Code Generator (Lite mode) build 201502162209
     1                           	processor	18F2220
     2                           	fnconf	rparam,??,?,0
     3                           	opt	pw 120
     4                           	opt	lm
     5                           	psect	text0,global,reloc=2,class=CODE,delta=1
     6                           	psect	cinit,global,reloc=2,class=CODE,delta=1
     7                           	psect	cstackCOMRAM,global,class=COMRAM,space=1,delta=1
     8                           	psect	intsave_regs,global,class=BIGRAM,space=1,delta=1
     9                           	psect	rparam,global,class=COMRAM,space=1,delta=1
    10  0000                     _OSCCON	set	4051
    11  0000                     _PORTA	set	3968
    12  0000                     _PORTB	set	3969
    13  0000                     _PORTCbits	set	3970
    14  0000                     _TRISA	set	3986
    15  0000                     _TRISB	set	3987
    16  0000                     _TRISCbits	set	3988
    17                           
    18                           ; 0 bytes @ 0x0
    19 ;;
    20 ;;Main: autosize = 0, tempsize = 0, incstack = 0, save=0
    21 ;;
    22 ;; *************** function _main *****************
    23 ;; Defined at:
    24 ;;		line 14 in file "main.c"
    25 ;; Parameters:    Size  Location     Type
    26 ;;		None
    27 ;; Auto vars:     Size  Location     Type
    28 ;;		None
    29 ;; Return value:  Size  Location     Type
    30 ;;		None               void
    31 ;; Registers used:
    32 ;;		wreg, status,2
    33 ;; Tracked objects:
    34 ;;		On entry : 0/0
    35 ;;		On exit  : 0/0
    36 ;;		Unchanged: 0/0
    37 ;; Data sizes:     COMRAM   BANK0   BANK1
    38 ;;      Params:         0       0       0
    39 ;;      Locals:         0       0       0
    40 ;;      Temps:          0       0       0
    41 ;;      Totals:         0       0       0
    42 ;;Total ram usage:        0 bytes
    43 ;; This function calls:
    44 ;;		Nothing
    45 ;; This function is called by:
    46 ;;		Startup code after reset
    47 ;; This function uses a non-reentrant model
    48 ;;
    49                           
    50                           	psect	text0
    51  000FD6                     __ptext0:
    52                           	opt stack 0
    53  000FD6                     _main:
    54                           	opt stack 31
    55                           
    56                           ;main.c: 15: TRISB = 0x00;
    57                           
    58                           ;incstack = 0
    59  000FD6  0E00               	movlw	0
    60  000FD8  6E93               	movwf	3987,c	;volatile
    61                           
    62                           ;main.c: 16: TRISA = 0x00;
    63  000FDA  0E00               	movlw	0
    64  000FDC  6E92               	movwf	3986,c	;volatile
    65                           
    66                           ;main.c: 17: TRISCbits.RC0 = 0x01;
    67  000FDE  8094               	bsf	3988,0,c	;volatile
    68                           
    69                           ;main.c: 18: OSCCON = 0X76;
    70  000FE0  0E76               	movlw	118
    71  000FE2  6ED3               	movwf	4051,c	;volatile
    72  000FE4  D000               	goto	l608
    73  000FE6                     l608:
    74                           
    75                           ;main.c: 20: if (!PORTCbits.RC0)
    76  000FE6  B082               	btfsc	3970,0,c	;volatile
    77  000FE8  D004               	goto	l612
    78                           
    79                           ;main.c: 21: {
    80                           ;main.c: 22: PORTB = 0x7F;
    81  000FEA  0E7F               	movlw	127
    82  000FEC  6E81               	movwf	3969,c	;volatile
    83                           
    84                           ;main.c: 23: PORTA = 0x06;
    85  000FEE  0E06               	movlw	6
    86  000FF0  D003               	goto	L1
    87  000FF2                     l612:
    88                           
    89                           ;main.c: 25: else
    90                           ;main.c: 26: {
    91                           ;main.c: 27: PORTB = 0x00;
    92  000FF2  0E00               	movlw	0
    93  000FF4  6E81               	movwf	3969,c	;volatile
    94                           
    95                           ;main.c: 28: PORTA = 0x00;
    96  000FF6  0E00               	movlw	0
    97  000FF8                     L1:
    98  000FF8  6E80               	movwf	3968,c	;volatile
    99  000FFA  D7F5               	goto	l608
   100  000FFC  EF00  F000         	goto	start
   101  001000                     __end_of_main:
   102                           	opt stack 0
   103  0000                     
   104                           	psect	cinit
   105  000FD0                     __pcinit:
   106                           	opt stack 0
   107  000FD0                     start_initialization:
   108                           	opt stack 0
   109  000FD0                     __initialization:
   110                           	opt stack 0
   111  000FD0                     end_of_initialization:
   112                           	opt stack 0
   113  000FD0                     __end_of__initialization:
   114                           	opt stack 0
   115  000FD0  0100               	movlb	0
   116  000FD2  EFEB  F007         	goto	_main	;jump to C main() function
   117                           
   118                           	psect	cstackCOMRAM
   119  000000                     __pcstackCOMRAM:
   120                           	opt stack 0
   121  000000                     
   122                           	psect	rparam


Data Sizes:
    Strings     0
    Constant    0
    Data        0
    BSS         0
    Persistent  0
    Stack       0

Auto Spaces:
    Space          Size  Autos    Used
    COMRAM          127      0       0
    BANK0           128      0       0
    BANK1           256      0       0

Pointer List with Targets:

    None.

Critical Paths under _main in COMRAM

    None.

Critical Paths under _main in BANK0

    None.

Critical Paths under _main in BANK1

    None.

Call Graph Tables:

 ---------------------------------------------------------------------------------
 (Depth) Function   	        Calls       Base Space   Used Autos Params    Refs
 ---------------------------------------------------------------------------------
 (0) _main                                                 0     0      0       0
 ---------------------------------------------------------------------------------
 Estimated maximum stack depth 0
 ---------------------------------------------------------------------------------

 Call Graph Graphs:

 _main (ROOT)

 Address spaces:
Name               Size   Autos  Total    Cost      Usage
BITCOMRAM           7F      0       0       0        0.0%
EEDATA             100      0       0       0        0.0%
NULL                 0      0       0       0        0.0%
CODE                 0      0       0       0        0.0%
COMRAM              7F      0       0       1        0.0%
STACK                0      0       0       2        0.0%
BITBANK0            80      0       0       3        0.0%
BANK0               80      0       0       4        0.0%
BITBANK1           100      0       0       5        0.0%
BANK1              100      0       0       6        0.0%
ABS                  0      0       0       7        0.0%
BIGRAM             1FF      0       0       8        0.0%
DATA                 0      0       0       9        0.0%
BITSFR               0      0       0      40        0.0%
SFR                  0      0       0      40        0.0%


Microchip Technology PIC18 Macro Assembler V1.34 build -361300703 
Symbol Table                                                                                   Wed Apr 27 07:33:06 2022

           __CFG_CP0$OFF 000000             __CFG_CP1$OFF 000000              __CFG_LVP$ON 000000  
                    l612 0FF2                      l608 0FE6             __CFG_CPB$OFF 000000  
           __CFG_CPD$OFF 000000             __CFG_BOR$OFF 000000             __CFG_BORV$20 000000  
           __CFG_WDT$OFF 000000             __CFG_STVR$ON 000000                     _main 0FD6  
          __CFG_PBAD$ANA 000000                     start 0000            __CFG_FSCM$OFF 000000  
          __CFG_IESO$OFF 000000             ___param_bank 000010           __CFG_CCP2MX$ON 000000  
                  ?_main 0000                    _PORTA 000F80                    _PORTB 000F81  
                  _TRISA 000F92                    _TRISB 000F93            __CFG_PWRT$OFF 000000  
          __CFG_WRT0$OFF 000000            __CFG_WRT1$OFF 000000           __CFG_EBTR0$OFF 000000  
         __CFG_EBTR1$OFF 000000            __CFG_WRTB$OFF 000000            __CFG_WRTC$OFF 000000  
          __CFG_WRTD$OFF 000000           __CFG_EBTRB$OFF 000000           __CFG_MCLRE$OFF 000000  
        __initialization 0FD0             __end_of_main 1000                   ??_main 0000  
          __activetblptr 000000                   _OSCCON 000FD3               __accesstop 0080  
__end_of__initialization 0FD0            ___rparam_used 000001           __pcstackCOMRAM 0000  
        __CFG_OSC$INTIO1 000000                  __Hparam 0000                  __Lparam 0000  
                __pcinit 0FD0                  __ramtop 0200                  __ptext0 0FD6  
   end_of_initialization 0FD0                _PORTCbits 000F82                _TRISCbits 000F94  
    start_initialization 0FD0         __CFG_WDTPS$32768 000000                 __Hrparam 0000  
               __Lrparam 0000            __size_of_main 002A  
