

Microchip Technology PIC18 LITE Macro Assembler V1.34 build -361300703 
                                                                                               Sun Jul 11 15:40:46 2021

Microchip Technology Omniscient Code Generator (Lite mode) build 201502162209
     1                           	processor	18F2620
     2                           	fnconf	rparam,??,?,0
     3                           	opt	pw 120
     4                           	opt	lm
     5                           	psect	text0,global,reloc=2,class=CODE,delta=1
     6                           	psect	cinit,global,reloc=2,class=CODE,delta=1
     7                           	psect	cstackCOMRAM,global,class=COMRAM,space=1,delta=1
     8                           	psect	intsave_regs,global,class=BIGRAM,space=1,delta=1
     9                           	psect	rparam,global,class=COMRAM,space=1,delta=1
    10  0000                     _LATBbits	set	3978
    11  0000                     _OSCCON	set	4051
    12  0000                     _PORTCbits	set	3970
    13  0000                     _TRISBbits	set	3987
    14  0000                     _TRISCbits	set	3988
    15                           
    16 ;;
    17 ;;Main: autosize = 0, tempsize = 1, incstack = 0, save=0
    18 ;;
    19 ;; *************** function _main *****************
    20 ;; Defined at:
    21 ;;		line 11 in file "exp08.c"
    22 ;; Parameters:    Size  Location     Type
    23 ;;		None
    24 ;; Auto vars:     Size  Location     Type
    25 ;;  countDelay      2    3[COMRAM] int 
    26 ;;  countDelay      2    1[COMRAM] int 
    27 ;; Return value:  Size  Location     Type
    28 ;;		None               void
    29 ;; Registers used:
    30 ;;		wreg, status,2, status,0
    31 ;; Tracked objects:
    32 ;;		On entry : 0/0
    33 ;;		On exit  : 0/0
    34 ;;		Unchanged: 0/0
    35 ;; Data sizes:     COMRAM   BANK0   BANK1   BANK2   BANK3   BANK4   BANK5   BANK6   BANK7   BANK8   BANK9  BANK10  BANK1
      +1  BANK12  BANK13  BANK14  BANK15
    36 ;;      Params:         0       0       0       0       0       0       0       0       0       0       0       0       
      +0       0       0       0       0
    37 ;;      Locals:         4       0       0       0       0       0       0       0       0       0       0       0       
      +0       0       0       0       0
    38 ;;      Temps:          1       0       0       0       0       0       0       0       0       0       0       0       
      +0       0       0       0       0
    39 ;;      Totals:         5       0       0       0       0       0       0       0       0       0       0       0       
      +0       0       0       0       0
    40 ;;Total ram usage:        5 bytes
    41 ;; This function calls:
    42 ;;		Nothing
    43 ;; This function is called by:
    44 ;;		Startup code after reset
    45 ;; This function uses a non-reentrant model
    46 ;;
    47                           
    48                           	psect	text0
    49  00FF86                     __ptext0:
    50                           	opt stack 0
    51  00FF86                     _main:
    52                           	opt stack 31
    53                           
    54                           ;exp08.c: 12: TRISBbits.RB0=0;
    55                           
    56                           ;incstack = 0
    57  00FF86  9093               	bcf	3987,0,c	;volatile
    58                           
    59                           ;exp08.c: 13: TRISCbits.RC0=1;
    60  00FF88  8094               	bsf	3988,0,c	;volatile
    61                           
    62                           ;exp08.c: 14: OSCCON=0x76;
    63  00FF8A  0E76               	movlw	118
    64  00FF8C  6ED3               	movwf	4051,c	;volatile
    65  00FF8E  D000               	goto	l610
    66  00FF90                     l610:
    67                           
    68                           ;exp08.c: 17: {
    69                           ;exp08.c: 18: if (PORTCbits.RC0==0)
    70  00FF90  B082               	btfsc	3970,0,c	;volatile
    71  00FF92  D01A               	goto	l16
    72                           
    73                           ;exp08.c: 19: {
    74                           ;exp08.c: 20: LATBbits.LATB0= 1;
    75  00FF94  808A               	bsf	3978,0,c	;volatile
    76                           
    77                           ;exp08.c: 21: for (int countDelay=0; countDelay <40; countDelay ++)_delay((unsigned long
      +                          )((50)*(8000000/4000.0)));
    78  00FF96  0E00               	movlw	0
    79  00FF98  6E03               	movwf	main@countDelay+1,c
    80  00FF9A  0E00               	movlw	0
    81  00FF9C  6E02               	movwf	main@countDelay,c
    82  00FF9E                     l616:
    83  00FF9E  BE03               	btfsc	main@countDelay+1,7,c
    84  00FFA0  D008               	goto	l620
    85  00FFA2  5003               	movf	main@countDelay+1,w,c
    86  00FFA4  E1F5               	bnz	l610
    87  00FFA6  0E28               	movlw	40
    88  00FFA8  5C02               	subwf	main@countDelay,w,c
    89  00FFAA  B0D8               	btfsc	status,0,c
    90  00FFAC  D7F1               	goto	l610
    91  00FFAE  D001               	goto	l620
    92  00FFB0  D7EF               	goto	l610
    93  00FFB2                     l620:
    94  00FFB2  0E82               	movlw	130
    95  00FFB4  6E01               	movwf	??_main& (0+255),c
    96  00FFB6  0EDE               	movlw	222
    97  00FFB8                     u67:
    98  00FFB8  2EE8               	decfsz	wreg,f,c
    99  00FFBA  D7FE               	goto	u67
   100  00FFBC  2E01               	decfsz	??_main& (0+255),f,c
   101  00FFBE  D7FC               	goto	u67
   102  00FFC0  4A02               	infsnz	main@countDelay,f,c
   103  00FFC2  2A03               	incf	main@countDelay+1,f,c
   104  00FFC4  D7EC               	goto	l616
   105                           
   106                           ;exp08.c: 22: }
   107  00FFC6  D7E4               	goto	l610
   108  00FFC8                     l16:
   109                           
   110                           ;exp08.c: 23: else {
   111                           ;exp08.c: 24: LATBbits.LATB0= 0;
   112  00FFC8  908A               	bcf	3978,0,c	;volatile
   113                           
   114                           ;exp08.c: 25: for (int countDelay=0; countDelay <40; countDelay ++)_delay((unsigned long
      +                          )((50)*(8000000/4000.0)));
   115  00FFCA  0E00               	movlw	0
   116  00FFCC  6E05               	movwf	main@countDelay_295+1,c
   117  00FFCE  0E00               	movlw	0
   118  00FFD0  6E04               	movwf	main@countDelay_295,c
   119  00FFD2                     l626:
   120  00FFD2  BE05               	btfsc	main@countDelay_295+1,7,c
   121  00FFD4  D008               	goto	l630
   122  00FFD6  5005               	movf	main@countDelay_295+1,w,c
   123  00FFD8  E1DB               	bnz	l610
   124  00FFDA  0E28               	movlw	40
   125  00FFDC  5C04               	subwf	main@countDelay_295,w,c
   126  00FFDE  B0D8               	btfsc	status,0,c
   127  00FFE0  D7D7               	goto	l610
   128  00FFE2  D001               	goto	l630
   129  00FFE4  D7D5               	goto	l610
   130  00FFE6                     l630:
   131  00FFE6  0E82               	movlw	130
   132  00FFE8  6E01               	movwf	??_main& (0+255),c
   133  00FFEA  0EDE               	movlw	222
   134  00FFEC                     u77:
   135  00FFEC  2EE8               	decfsz	wreg,f,c
   136  00FFEE  D7FE               	goto	u77
   137  00FFF0  2E01               	decfsz	??_main& (0+255),f,c
   138  00FFF2  D7FC               	goto	u77
   139  00FFF4  4A04               	infsnz	main@countDelay_295,f,c
   140  00FFF6  2A05               	incf	main@countDelay_295+1,f,c
   141  00FFF8  D7EC               	goto	l626
   142  00FFFA  D7CA               	goto	l610
   143  00FFFC  EF00  F000         	goto	start
   144  010000                     __end_of_main:
   145                           	opt stack 0
   146  0000                     wreg	equ	0xFE8
   147                           status	equ	0xFD8
   148                           
   149                           	psect	cinit
   150  00FF80                     __pcinit:
   151                           	opt stack 0
   152  00FF80                     start_initialization:
   153                           	opt stack 0
   154  00FF80                     __initialization:
   155                           	opt stack 0
   156  00FF80                     end_of_initialization:
   157                           	opt stack 0
   158  00FF80                     __end_of__initialization:
   159                           	opt stack 0
   160  00FF80  0100               	movlb	0
   161  00FF82  EFC3  F07F         	goto	_main	;jump to C main() function
   162                           wreg	equ	0xFE8
   163                           status	equ	0xFD8
   164                           
   165                           	psect	cstackCOMRAM
   166  000001                     __pcstackCOMRAM:
   167                           	opt stack 0
   168  000001                     ??_main:
   169                           
   170                           ; 0 bytes @ 0x0
   171  000001                     	ds	1
   172  000002                     main@countDelay:
   173                           	opt stack 0
   174                           
   175                           ; 2 bytes @ 0x1
   176  000002                     	ds	2
   177  000004                     main@countDelay_295:
   178                           	opt stack 0
   179                           
   180                           ; 2 bytes @ 0x3
   181  000004                     	ds	2
   182                           wreg	equ	0xFE8
   183                           status	equ	0xFD8
   184                           wreg	equ	0xFE8
   185                           status	equ	0xFD8
   186                           
   187                           	psect	rparam
   188  0000                     wreg	equ	0xFE8
   189                           status	equ	0xFD8


Data Sizes:
    Strings     0
    Constant    0
    Data        0
    BSS         0
    Persistent  0
    Stack       0

Auto Spaces:
    Space          Size  Autos    Used
    COMRAM          127      5       5
    BANK0           128      0       0
    BANK1           256      0       0
    BANK2           256      0       0
    BANK3           256      0       0
    BANK4           256      0       0
    BANK5           256      0       0
    BANK6           256      0       0
    BANK7           256      0       0
    BANK8           256      0       0
    BANK9           256      0       0
    BANK10          256      0       0
    BANK11          256      0       0
    BANK12          256      0       0
    BANK13          256      0       0
    BANK14          256      0       0
    BANK15          128      0       0

Pointer List with Targets:

    None.

Critical Paths under _main in COMRAM

    None.

Critical Paths under _main in BANK0

    None.

Critical Paths under _main in BANK1

    None.

Critical Paths under _main in BANK2

    None.

Critical Paths under _main in BANK3

    None.

Critical Paths under _main in BANK4

    None.

Critical Paths under _main in BANK5

    None.

Critical Paths under _main in BANK6

    None.

Critical Paths under _main in BANK7

    None.

Critical Paths under _main in BANK8

    None.

Critical Paths under _main in BANK9

    None.

Critical Paths under _main in BANK10

    None.

Critical Paths under _main in BANK11

    None.

Critical Paths under _main in BANK12

    None.

Critical Paths under _main in BANK13

    None.

Critical Paths under _main in BANK14

    None.

Critical Paths under _main in BANK15

    None.

Call Graph Tables:

 ---------------------------------------------------------------------------------
 (Depth) Function   	        Calls       Base Space   Used Autos Params    Refs
 ---------------------------------------------------------------------------------
 (0) _main                                                 5     5      0      60
                                              0 COMRAM     5     5      0
 ---------------------------------------------------------------------------------
 Estimated maximum stack depth 0
 ---------------------------------------------------------------------------------

 Call Graph Graphs:

 _main (ROOT)

 Address spaces:
Name               Size   Autos  Total    Cost      Usage
BITCOMRAM           7F      0       0       0        0.0%
EEDATA             400      0       0       0        0.0%
NULL                 0      0       0       0        0.0%
CODE                 0      0       0       0        0.0%
COMRAM              7F      5       5       1        3.9%
STACK                0      0       0       2        0.0%
DATA                 0      0       0       3        0.0%
BITBANK0            80      0       0       4        0.0%
BANK0               80      0       0       5        0.0%
BITBANK1           100      0       0       6        0.0%
BANK1              100      0       0       7        0.0%
BITBANK2           100      0       0       8        0.0%
BANK2              100      0       0       9        0.0%
BITBANK3           100      0       0      10        0.0%
BANK3              100      0       0      11        0.0%
BITBANK4           100      0       0      12        0.0%
BANK4              100      0       0      13        0.0%
BITBANK5           100      0       0      14        0.0%
BANK5              100      0       0      15        0.0%
BITBANK6           100      0       0      16        0.0%
BANK6              100      0       0      17        0.0%
BITBANK7           100      0       0      18        0.0%
BANK7              100      0       0      19        0.0%
BITBANK8           100      0       0      20        0.0%
BANK8              100      0       0      21        0.0%
BITBANK9           100      0       0      22        0.0%
BANK9              100      0       0      23        0.0%
BITBANK10          100      0       0      24        0.0%
BANK10             100      0       0      25        0.0%
BITBANK11          100      0       0      26        0.0%
BANK11             100      0       0      27        0.0%
BITBANK12          100      0       0      28        0.0%
BANK12             100      0       0      29        0.0%
BITBANK13          100      0       0      30        0.0%
BANK13             100      0       0      31        0.0%
BITBANK14          100      0       0      32        0.0%
BANK14             100      0       0      33        0.0%
ABS                  0      0       0      34        0.0%
BITBANK15           80      0       0      35        0.0%
BANK15              80      0       0      36        0.0%
BIGRAM             F7F      0       0      37        0.0%
BITSFR               0      0       0      40        0.0%
SFR                  0      0       0      40        0.0%


Microchip Technology PIC18 Macro Assembler V1.34 build -361300703 
Symbol Table                                                                                   Sun Jul 11 15:40:46 2021

                     l16 FFC8                       u67 FFB8                       u77 FFEC  
            __CFG_BORV$3 000000             __CFG_CP0$OFF 000000             __CFG_CP1$OFF 000000  
           __CFG_CP2$OFF 000000             __CFG_CP3$OFF 000000              __CFG_LVP$ON 000000  
                    l610 FF90                      l620 FFB2                      l630 FFE6  
                    l616 FF9E                      l626 FFD2             __CFG_CPB$OFF 000000  
           __CFG_CPD$OFF 000000                      wreg 000FE8             __CFG_WDT$OFF 000000  
                   _main FF86                     start 0000            __CFG_IESO$OFF 000000  
           ___param_bank 000010                    ?_main 0001            __CFG_PWRT$OFF 000000  
          __CFG_WRT0$OFF 000000            __CFG_WRT1$OFF 000000            __CFG_WRT2$OFF 000000  
          __CFG_WRT3$OFF 000000           __CFG_EBTR0$OFF 000000           __CFG_FCMEN$OFF 000000  
         __CFG_EBTR1$OFF 000000           __CFG_EBTR2$OFF 000000           __CFG_EBTR3$OFF 000000  
          __CFG_WRTB$OFF 000000            __CFG_WRTC$OFF 000000            __CFG_WRTD$OFF 000000  
         __CFG_EBTRB$OFF 000000           __CFG_BOREN$OFF 000000                    status 000FD8  
         __CFG_PBADEN$ON 000000           __CFG_MCLRE$OFF 000000          __initialization FF80  
           __end_of_main 0000                   ??_main 0001            __activetblptr 000000  
                 _OSCCON 000FD3           __CFG_XINST$OFF 000000           __CFG_STVREN$ON 000000  
             __accesstop 0080  __end_of__initialization FF80            ___rparam_used 000001  
         __pcstackCOMRAM 0001           main@countDelay 0002                  __Hparam 0000  
                __Lparam 0000                  __pcinit FF80                  __ramtop 1000  
                __ptext0 FF86     end_of_initialization FF80                _PORTCbits 000F82  
              _TRISBbits 000F93                _TRISCbits 000F94      start_initialization FF80  
       __CFG_OSC$INTIO67 000000         __CFG_LPT1OSC$OFF 000000       main@countDelay_295 0004  
      __CFG_CCP2MX$PORTC 000000                 _LATBbits 000F8A         __CFG_WDTPS$32768 000000  
               __Hrparam 0000                 __Lrparam 0000            __size_of_main 007A  
